<!DOCTYPE html>
<html>
  <head>
    <meta charset="utf-8"/>
    <title>Test Report</title>
    <link href="assets/style.css" rel="stylesheet" type="text/css"/></head>
  <body onLoad="init()">
    <script>/* This Source Code Form is subject to the terms of the Mozilla Public
 * License, v. 2.0. If a copy of the MPL was not distributed with this file,
 * You can obtain one at http://mozilla.org/MPL/2.0/. */


function toArray(iter) {
    if (iter === null) {
        return null;
    }
    return Array.prototype.slice.call(iter);
}

function find(selector, elem) { // eslint-disable-line no-redeclare
    if (!elem) {
        elem = document;
    }
    return elem.querySelector(selector);
}

function findAll(selector, elem) {
    if (!elem) {
        elem = document;
    }
    return toArray(elem.querySelectorAll(selector));
}

function sortColumn(elem) {
    toggleSortStates(elem);
    const colIndex = toArray(elem.parentNode.childNodes).indexOf(elem);
    let key;
    if (elem.classList.contains('result')) {
        key = keyResult;
    } else if (elem.classList.contains('links')) {
        key = keyLink;
    } else {
        key = keyAlpha;
    }
    sortTable(elem, key(colIndex));
}

function showAllExtras() { // eslint-disable-line no-unused-vars
    findAll('.col-result').forEach(showExtras);
}

function hideAllExtras() { // eslint-disable-line no-unused-vars
    findAll('.col-result').forEach(hideExtras);
}

function showExtras(colresultElem) {
    const extras = colresultElem.parentNode.nextElementSibling;
    const expandcollapse = colresultElem.firstElementChild;
    extras.classList.remove('collapsed');
    expandcollapse.classList.remove('expander');
    expandcollapse.classList.add('collapser');
}

function hideExtras(colresultElem) {
    const extras = colresultElem.parentNode.nextElementSibling;
    const expandcollapse = colresultElem.firstElementChild;
    extras.classList.add('collapsed');
    expandcollapse.classList.remove('collapser');
    expandcollapse.classList.add('expander');
}

function showFilters() {
    const filterItems = document.getElementsByClassName('filter');
    for (let i = 0; i < filterItems.length; i++)
        filterItems[i].hidden = false;
}

function addCollapse() {
    // Add links for show/hide all
    const resulttable = find('table#results-table');
    const showhideall = document.createElement('p');
    showhideall.innerHTML = '<a href="javascript:showAllExtras()">Show all details</a> / ' +
                            '<a href="javascript:hideAllExtras()">Hide all details</a>';
    resulttable.parentElement.insertBefore(showhideall, resulttable);

    // Add show/hide link to each result
    findAll('.col-result').forEach(function(elem) {
        const collapsed = getQueryParameter('collapsed') || 'Passed';
        const extras = elem.parentNode.nextElementSibling;
        const expandcollapse = document.createElement('span');
        if (extras.classList.contains('collapsed')) {
            expandcollapse.classList.add('expander');
        } else if (collapsed.includes(elem.innerHTML)) {
            extras.classList.add('collapsed');
            expandcollapse.classList.add('expander');
        } else {
            expandcollapse.classList.add('collapser');
        }
        elem.appendChild(expandcollapse);

        elem.addEventListener('click', function(event) {
            if (event.currentTarget.parentNode.nextElementSibling.classList.contains('collapsed')) {
                showExtras(event.currentTarget);
            } else {
                hideExtras(event.currentTarget);
            }
        });
    });
}

function getQueryParameter(name) {
    const match = RegExp('[?&]' + name + '=([^&]*)').exec(window.location.search);
    return match && decodeURIComponent(match[1].replace(/\+/g, ' '));
}

function init () { // eslint-disable-line no-unused-vars
    resetSortHeaders();

    addCollapse();

    showFilters();

    sortColumn(find('.initial-sort'));

    findAll('.sortable').forEach(function(elem) {
        elem.addEventListener('click',
            function() {
                sortColumn(elem);
            }, false);
    });
}

function sortTable(clicked, keyFunc) {
    const rows = findAll('.results-table-row');
    const reversed = !clicked.classList.contains('asc');
    const sortedRows = sort(rows, keyFunc, reversed);
    /* Whole table is removed here because browsers acts much slower
     * when appending existing elements.
     */
    const thead = document.getElementById('results-table-head');
    document.getElementById('results-table').remove();
    const parent = document.createElement('table');
    parent.id = 'results-table';
    parent.appendChild(thead);
    sortedRows.forEach(function(elem) {
        parent.appendChild(elem);
    });
    document.getElementsByTagName('BODY')[0].appendChild(parent);
}

function sort(items, keyFunc, reversed) {
    const sortArray = items.map(function(item, i) {
        return [keyFunc(item), i];
    });

    sortArray.sort(function(a, b) {
        const keyA = a[0];
        const keyB = b[0];

        if (keyA == keyB) return 0;

        if (reversed) {
            return keyA < keyB ? 1 : -1;
        } else {
            return keyA > keyB ? 1 : -1;
        }
    });

    return sortArray.map(function(item) {
        const index = item[1];
        return items[index];
    });
}

function keyAlpha(colIndex) {
    return function(elem) {
        return elem.childNodes[1].childNodes[colIndex].firstChild.data.toLowerCase();
    };
}

function keyLink(colIndex) {
    return function(elem) {
        const dataCell = elem.childNodes[1].childNodes[colIndex].firstChild;
        return dataCell == null ? '' : dataCell.innerText.toLowerCase();
    };
}

function keyResult(colIndex) {
    return function(elem) {
        const strings = ['Error', 'Failed', 'Rerun', 'XFailed', 'XPassed',
            'Skipped', 'Passed'];
        return strings.indexOf(elem.childNodes[1].childNodes[colIndex].firstChild.data);
    };
}

function resetSortHeaders() {
    findAll('.sort-icon').forEach(function(elem) {
        elem.parentNode.removeChild(elem);
    });
    findAll('.sortable').forEach(function(elem) {
        const icon = document.createElement('div');
        icon.className = 'sort-icon';
        icon.textContent = 'vvv';
        elem.insertBefore(icon, elem.firstChild);
        elem.classList.remove('desc', 'active');
        elem.classList.add('asc', 'inactive');
    });
}

function toggleSortStates(elem) {
    //if active, toggle between asc and desc
    if (elem.classList.contains('active')) {
        elem.classList.toggle('asc');
        elem.classList.toggle('desc');
    }

    //if inactive, reset all other functions and add ascending active
    if (elem.classList.contains('inactive')) {
        resetSortHeaders();
        elem.classList.remove('inactive');
        elem.classList.add('active');
    }
}

function isAllRowsHidden(value) {
    return value.hidden == false;
}

function filterTable(elem) { // eslint-disable-line no-unused-vars
    const outcomeAtt = 'data-test-result';
    const outcome = elem.getAttribute(outcomeAtt);
    const classOutcome = outcome + ' results-table-row';
    const outcomeRows = document.getElementsByClassName(classOutcome);

    for(let i = 0; i < outcomeRows.length; i++){
        outcomeRows[i].hidden = !elem.checked;
    }

    const rows = findAll('.results-table-row').filter(isAllRowsHidden);
    const allRowsHidden = rows.length == 0 ? true : false;
    const notFoundMessage = document.getElementById('not-found-message');
    notFoundMessage.hidden = !allRowsHidden;
}
</script>
    <h1>report.html</h1>
    <p>Report generated on 28-Dec-2021 at 11:15:10 by <a href="https://pypi.python.org/pypi/pytest-html">pytest-html</a> v3.1.1</p>
    <h2>Environment</h2>
    <table id="environment">
      <tr>
        <td>JAVA_HOME</td>
        <td>C:\Program Files\RedHat\java-1.8.0-openjdk\</td></tr>
      <tr>
        <td>Packages</td>
        <td>{"pluggy": "0.13.1", "py": "1.10.0", "pytest": "6.2.3"}</td></tr>
      <tr>
        <td>Platform</td>
        <td>Windows-10-10.0.19041-SP0</td></tr>
      <tr>
        <td>Plugins</td>
        <td>{"assume": "2.4.3", "html": "3.1.1", "metadata": "1.11.0"}</td></tr>
      <tr>
        <td>Python</td>
        <td>3.8.5</td></tr></table>
    <h2>Summary</h2>
    <p>12 tests ran in 913.00 seconds. </p>
    <p class="filter" hidden="true">(Un)check the boxes to filter the results.</p><input checked="true" class="filter" data-test-result="passed" disabled="true" hidden="true" name="filter_checkbox" onChange="filterTable(this)" type="checkbox"/><span class="passed">0 passed</span>, <input checked="true" class="filter" data-test-result="skipped" disabled="true" hidden="true" name="filter_checkbox" onChange="filterTable(this)" type="checkbox"/><span class="skipped">0 skipped</span>, <input checked="true" class="filter" data-test-result="failed" hidden="true" name="filter_checkbox" onChange="filterTable(this)" type="checkbox"/><span class="failed">12 failed</span>, <input checked="true" class="filter" data-test-result="error" disabled="true" hidden="true" name="filter_checkbox" onChange="filterTable(this)" type="checkbox"/><span class="error">0 errors</span>, <input checked="true" class="filter" data-test-result="xfailed" disabled="true" hidden="true" name="filter_checkbox" onChange="filterTable(this)" type="checkbox"/><span class="xfailed">0 expected failures</span>, <input checked="true" class="filter" data-test-result="xpassed" disabled="true" hidden="true" name="filter_checkbox" onChange="filterTable(this)" type="checkbox"/><span class="xpassed">0 unexpected passes</span>
    <h2>Results</h2>
    <table id="results-table">
      <thead id="results-table-head">
        <tr>
          <th class="sortable result initial-sort" col="result">Result</th>
          <th class="sortable" col="name">Test</th>
          <th class="sortable" col="duration">Duration</th>
          <th class="sortable links" col="links">Links</th></tr>
        <tr hidden="true" id="not-found-message">
          <th colspan="4">No results found. Try to check the filters</th></tr></thead>
      <tbody class="failed results-table-row">
        <tr>
          <td class="col-result">Failed</td>
          <td class="col-name">testcases/QualcommSeeDriverTests/test_imu_driver.py::TestDataStream::test_data_stream[accel-odr_min-hw0]</td>
          <td class="col-duration">49.81</td>
          <td class="col-links"></td></tr>
        <tr>
          <td class="extra" colspan="4">
            <div class="log">self = &lt;testcases.QualcommSeeDriverTests.test_imu_driver.TestDataStream object at 0x000001A6801F0250&gt;<br/>collect_sscdrva_result = {&#x27;bias_values&#x27;: [], &#x27;diag_packets_list&#x27;: [DiagPacket(errorCode=None, packetType=3, packetId=&#x27;122/0&#x27;, moreResponsesFlag....csv&#x27;, &#x27;hdf&#x27;: &#x27;c:\\SeeTests\\bmi3x0_20211228_105957\\log\\TestDataStream-test_data_stream[accel-odr_min-hw0].hdf&#x27;, ...}<br/>qseevt_open = &lt;libs.qseevt.Qseevt object at 0x000001A68026E700&gt;<br/>sensor_info_txt = &#x27;C:\\PythonProjects\\Vendetta\\testcases\\QualcommSeeDriverTests\\sensorinfo.txt&#x27;<br/><br/>    def test_data_stream(self, collect_sscdrva_result, qseevt_open, sensor_info_txt):<br/>        hdf_file = collect_sscdrva_result[&#x27;hdf&#x27;]<br/>        csv_logs = qseevt_open.parse_hdf_to_csv(hdf_file, sensor_info_txt)<br/>        for csv_log in csv_logs:<br/>            log_obj = std_sensor_event_log.SeeDrvLog(csv_log, skip_data=1)<br/>            sensor_name = log_obj.sensor<br/>            if not log_obj.odr or log_obj.dest_sensor != &#x27;da_test&#x27;:<br/>                continue<br/>    <br/>            with pytest.assume:<br/>                log_obj.check_odr()<br/>            for axis in std_sensor_event_log.axises:<br/>                col_name = f&#x27;{sensor_name.capitalize()} {axis.upper()} ({log_obj.unit})&#x27;<br/>                with pytest.assume:<br/>                    log_obj.check_data_range(col_name, axis)<br/>                with pytest.assume:<br/>&gt;                   log_obj.check_data_stddev(col_name, axis)<br/><br/>test_imu_driver.py:85: <br/>_ _ _ _ _ _ _ _ _ _ _ _ _ _ _ _ _ _ _ _ _ _ _ _ _ _ _ _ _ _ _ _ _ _ _ _ _ _ _ _<br/><br/>self = &lt;libs.data_process.std_sensor_event_log.SeeDrvLog object at 0x000001A68104F550&gt;<br/>col_name = &#x27;Accel Z (m/s^2)&#x27;, axis = &#x27;z&#x27;<br/><br/>    def check_data_stddev(self, col_name, axis):<br/>        stddev = self.stats[col_name][&#x27;std&#x27;]<br/>        l_limit = 0<br/>        # h_limit = 0<br/>        h_limit = stddev_limits[self.sensor][axis]<br/>&gt;       assert (<br/>            l_limit &lt; stddev &lt;= h_limit<br/>        ), f&quot;{self.sensor} {axis} axis std_dev {stddev} exceeds limit {h_limit} in {self.sensor}&quot;<br/><span class="error">E       pytest_assume.plugin.FailedAssumption: </span><br/><span class="error">E       7 Failed Assumptions:</span><br/><span class="error">E       </span><br/><span class="error">E       test_imu_driver.py:79: AssumptionFailure</span><br/><span class="error">E       &gt;&gt;	log_obj.check_odr()</span><br/><span class="error">E       AssertionError: accel time interval [20.20854166666666, 40.658854166656965] data out of range [0.0 36.0] in &lt;c:\SeeTests\bmi3x0_20211228_105957\log\TestDataStream-test_data_stream[accel-odr_min-hw0]\Data\SensorAPI_ACCEL_S1_I0_D4_R0_[std_sensor_event].csv&gt;</span><br/><span class="error">E       </span><br/><span class="error">E       test_imu_driver.py:83: AssumptionFailure</span><br/><span class="error">E       &gt;&gt;	log_obj.check_data_range(col_name, axis)</span><br/><span class="error">E       AssertionError: Accel X (m/s^2) [-49.038006, 0.612915] out of range [-1.5, 1.5] in c:\SeeTests\bmi3x0_20211228_105957\log\TestDataStream-test_data_stream[accel-odr_min-hw0]\Data\SensorAPI_ACCEL_S1_I0_D4_R0_[std_sensor_event].csv</span><br/><span class="error">E       </span><br/><span class="error">E       test_imu_driver.py:85: AssumptionFailure</span><br/><span class="error">E       &gt;&gt;	log_obj.check_data_stddev(col_name, axis)</span><br/><span class="error">E       AssertionError: accel x axis std_dev 18.252499713809794 exceeds limit 0.15696 in accel</span><br/><span class="error">E       </span><br/><span class="error">E       test_imu_driver.py:83: AssumptionFailure</span><br/><span class="error">E       &gt;&gt;	log_obj.check_data_range(col_name, axis)</span><br/><span class="error">E       AssertionError: Accel Y (m/s^2) [-8.585601, 7.350194] out of range [-1.5, 1.5] in c:\SeeTests\bmi3x0_20211228_105957\log\TestDataStream-test_data_stream[accel-odr_min-hw0]\Data\SensorAPI_ACCEL_S1_I0_D4_R0_[std_sensor_event].csv</span><br/><span class="error">E       </span><br/><span class="error">E       test_imu_driver.py:85: AssumptionFailure</span><br/><span class="error">E       &gt;&gt;	log_obj.check_data_stddev(col_name, axis)</span><br/><span class="error">E       AssertionError: accel y axis std_dev 1.8627767710423897 exceeds limit 0.15696 in accel</span><br/><span class="error">E       </span><br/><span class="error">E       test_imu_driver.py:83: AssumptionFailure</span><br/><span class="error">E       &gt;&gt;	log_obj.check_data_range(col_name, axis)</span><br/><span class="error">E       AssertionError: Accel Z (m/s^2) [0.612915, 2.489968] out of range [8.3, 11.3] in c:\SeeTests\bmi3x0_20211228_105957\log\TestDataStream-test_data_stream[accel-odr_min-hw0]\Data\SensorAPI_ACCEL_S1_I0_D4_R0_[std_sensor_event].csv</span><br/><span class="error">E       </span><br/><span class="error">E       test_imu_driver.py:85: AssumptionFailure</span><br/><span class="error">E       &gt;&gt;	log_obj.check_data_stddev(col_name, axis)</span><br/><span class="error">E       AssertionError: accel z axis std_dev 0.9368744969970967 exceeds limit 0.15696 in accel</span><br/><br/>..\..\libs\data_process\std_sensor_event_log.py:259: FailedAssumption<br/></div></td></tr></tbody>
      <tbody class="failed results-table-row">
        <tr>
          <td class="col-result">Failed</td>
          <td class="col-name">testcases/QualcommSeeDriverTests/test_imu_driver.py::TestDataStream::test_data_stream[accel-odr_50hz-hw0]</td>
          <td class="col-duration">44.03</td>
          <td class="col-links"></td></tr>
        <tr>
          <td class="extra" colspan="4">
            <div class="log">self = &lt;testcases.QualcommSeeDriverTests.test_imu_driver.TestDataStream object at 0x000001A68104E2E0&gt;<br/>collect_sscdrva_result = {&#x27;bias_values&#x27;: [], &#x27;diag_packets_list&#x27;: [DiagPacket(errorCode=None, packetType=0, packetId=&#x27;0x19D6&#x27;, moreResponsesFla...csv&#x27;, &#x27;hdf&#x27;: &#x27;c:\\SeeTests\\bmi3x0_20211228_105957\\log\\TestDataStream-test_data_stream[accel-odr_50hz-hw0].hdf&#x27;, ...}<br/>qseevt_open = &lt;libs.qseevt.Qseevt object at 0x000001A68026E700&gt;<br/>sensor_info_txt = &#x27;C:\\PythonProjects\\Vendetta\\testcases\\QualcommSeeDriverTests\\sensorinfo.txt&#x27;<br/><br/>    def test_data_stream(self, collect_sscdrva_result, qseevt_open, sensor_info_txt):<br/>        hdf_file = collect_sscdrva_result[&#x27;hdf&#x27;]<br/>        csv_logs = qseevt_open.parse_hdf_to_csv(hdf_file, sensor_info_txt)<br/>        for csv_log in csv_logs:<br/>            log_obj = std_sensor_event_log.SeeDrvLog(csv_log, skip_data=1)<br/>            sensor_name = log_obj.sensor<br/>            if not log_obj.odr or log_obj.dest_sensor != &#x27;da_test&#x27;:<br/>                continue<br/>    <br/>            with pytest.assume:<br/>                log_obj.check_odr()<br/>            for axis in std_sensor_event_log.axises:<br/>                col_name = f&#x27;{sensor_name.capitalize()} {axis.upper()} ({log_obj.unit})&#x27;<br/>                with pytest.assume:<br/>                    log_obj.check_data_range(col_name, axis)<br/>                with pytest.assume:<br/>&gt;                   log_obj.check_data_stddev(col_name, axis)<br/><br/>test_imu_driver.py:85: <br/>_ _ _ _ _ _ _ _ _ _ _ _ _ _ _ _ _ _ _ _ _ _ _ _ _ _ _ _ _ _ _ _ _ _ _ _ _ _ _ _<br/><br/>self = &lt;libs.data_process.std_sensor_event_log.SeeDrvLog object at 0x000001A6803B6A00&gt;<br/>col_name = &#x27;Accel Z (m/s^2)&#x27;, axis = &#x27;z&#x27;<br/><br/>    def check_data_stddev(self, col_name, axis):<br/>        stddev = self.stats[col_name][&#x27;std&#x27;]<br/>        l_limit = 0<br/>        # h_limit = 0<br/>        h_limit = stddev_limits[self.sensor][axis]<br/>&gt;       assert (<br/>            l_limit &lt; stddev &lt;= h_limit<br/>        ), f&quot;{self.sensor} {axis} axis std_dev {stddev} exceeds limit {h_limit} in {self.sensor}&quot;<br/><span class="error">E       pytest_assume.plugin.FailedAssumption: </span><br/><span class="error">E       7 Failed Assumptions:</span><br/><span class="error">E       </span><br/><span class="error">E       test_imu_driver.py:79: AssumptionFailure</span><br/><span class="error">E       &gt;&gt;	log_obj.check_odr()</span><br/><span class="error">E       AssertionError: accel time interval [19.759999999999764, 40.656614583333294] data out of range [0.0 36.0] in &lt;c:\SeeTests\bmi3x0_20211228_105957\log\TestDataStream-test_data_stream[accel-odr_50hz-hw0]\Data\SensorAPI_ACCEL_S1_I0_D4_R0_[std_sensor_event].csv&gt;</span><br/><span class="error">E       </span><br/><span class="error">E       test_imu_driver.py:83: AssumptionFailure</span><br/><span class="error">E       &gt;&gt;	log_obj.check_data_range(col_name, axis)</span><br/><span class="error">E       AssertionError: Accel X (m/s^2) [-45.360512, 0.612915] out of range [-1.5, 1.5] in c:\SeeTests\bmi3x0_20211228_105957\log\TestDataStream-test_data_stream[accel-odr_50hz-hw0]\Data\SensorAPI_ACCEL_S1_I0_D4_R0_[std_sensor_event].csv</span><br/><span class="error">E       </span><br/><span class="error">E       test_imu_driver.py:85: AssumptionFailure</span><br/><span class="error">E       &gt;&gt;	log_obj.check_data_stddev(col_name, axis)</span><br/><span class="error">E       AssertionError: accel x axis std_dev 18.11943696599772 exceeds limit 0.15696 in accel</span><br/><span class="error">E       </span><br/><span class="error">E       test_imu_driver.py:83: AssumptionFailure</span><br/><span class="error">E       &gt;&gt;	log_obj.check_data_range(col_name, axis)</span><br/><span class="error">E       AssertionError: Accel Y (m/s^2) [-12.263092, 6.124363] out of range [-1.5, 1.5] in c:\SeeTests\bmi3x0_20211228_105957\log\TestDataStream-test_data_stream[accel-odr_50hz-hw0]\Data\SensorAPI_ACCEL_S1_I0_D4_R0_[std_sensor_event].csv</span><br/><span class="error">E       </span><br/><span class="error">E       test_imu_driver.py:85: AssumptionFailure</span><br/><span class="error">E       &gt;&gt;	log_obj.check_data_stddev(col_name, axis)</span><br/><span class="error">E       AssertionError: accel y axis std_dev 1.7991285318510228 exceeds limit 0.15696 in accel</span><br/><span class="error">E       </span><br/><span class="error">E       test_imu_driver.py:83: AssumptionFailure</span><br/><span class="error">E       &gt;&gt;	log_obj.check_data_range(col_name, axis)</span><br/><span class="error">E       AssertionError: Accel Z (m/s^2) [0.612915, 2.489968] out of range [8.3, 11.3] in c:\SeeTests\bmi3x0_20211228_105957\log\TestDataStream-test_data_stream[accel-odr_50hz-hw0]\Data\SensorAPI_ACCEL_S1_I0_D4_R0_[std_sensor_event].csv</span><br/><span class="error">E       </span><br/><span class="error">E       test_imu_driver.py:85: AssumptionFailure</span><br/><span class="error">E       &gt;&gt;	log_obj.check_data_stddev(col_name, axis)</span><br/><span class="error">E       AssertionError: accel z axis std_dev 0.9369372974790078 exceeds limit 0.15696 in accel</span><br/><br/>..\..\libs\data_process\std_sensor_event_log.py:259: FailedAssumption<br/></div></td></tr></tbody>
      <tbody class="failed results-table-row">
        <tr>
          <td class="col-result">Failed</td>
          <td class="col-name">testcases/QualcommSeeDriverTests/test_imu_driver.py::TestDataStream::test_data_stream[accel-odr_100hz-hw0]</td>
          <td class="col-duration">53.79</td>
          <td class="col-links"></td></tr>
        <tr>
          <td class="extra" colspan="4">
            <div class="log">self = &lt;testcases.QualcommSeeDriverTests.test_imu_driver.TestDataStream object at 0x000001A6803BB8B0&gt;<br/>collect_sscdrva_result = {&#x27;bias_values&#x27;: [], &#x27;diag_packets_list&#x27;: [DiagPacket(errorCode=None, packetType=0, packetId=&#x27;0x19D6&#x27;, moreResponsesFla...sv&#x27;, &#x27;hdf&#x27;: &#x27;c:\\SeeTests\\bmi3x0_20211228_105957\\log\\TestDataStream-test_data_stream[accel-odr_100hz-hw0].hdf&#x27;, ...}<br/>qseevt_open = &lt;libs.qseevt.Qseevt object at 0x000001A68026E700&gt;<br/>sensor_info_txt = &#x27;C:\\PythonProjects\\Vendetta\\testcases\\QualcommSeeDriverTests\\sensorinfo.txt&#x27;<br/><br/>    def test_data_stream(self, collect_sscdrva_result, qseevt_open, sensor_info_txt):<br/>        hdf_file = collect_sscdrva_result[&#x27;hdf&#x27;]<br/>        csv_logs = qseevt_open.parse_hdf_to_csv(hdf_file, sensor_info_txt)<br/>        for csv_log in csv_logs:<br/>            log_obj = std_sensor_event_log.SeeDrvLog(csv_log, skip_data=1)<br/>            sensor_name = log_obj.sensor<br/>            if not log_obj.odr or log_obj.dest_sensor != &#x27;da_test&#x27;:<br/>                continue<br/>    <br/>            with pytest.assume:<br/>                log_obj.check_odr()<br/>            for axis in std_sensor_event_log.axises:<br/>                col_name = f&#x27;{sensor_name.capitalize()} {axis.upper()} ({log_obj.unit})&#x27;<br/>                with pytest.assume:<br/>                    log_obj.check_data_range(col_name, axis)<br/>                with pytest.assume:<br/>&gt;                   log_obj.check_data_stddev(col_name, axis)<br/><br/>test_imu_driver.py:85: <br/>_ _ _ _ _ _ _ _ _ _ _ _ _ _ _ _ _ _ _ _ _ _ _ _ _ _ _ _ _ _ _ _ _ _ _ _ _ _ _ _<br/><br/>self = &lt;libs.data_process.std_sensor_event_log.SeeDrvLog object at 0x000001A68271E6D0&gt;<br/>col_name = &#x27;Accel Z (m/s^2)&#x27;, axis = &#x27;z&#x27;<br/><br/>    def check_data_stddev(self, col_name, axis):<br/>        stddev = self.stats[col_name][&#x27;std&#x27;]<br/>        l_limit = 0<br/>        # h_limit = 0<br/>        h_limit = stddev_limits[self.sensor][axis]<br/>&gt;       assert (<br/>            l_limit &lt; stddev &lt;= h_limit<br/>        ), f&quot;{self.sensor} {axis} axis std_dev {stddev} exceeds limit {h_limit} in {self.sensor}&quot;<br/><span class="error">E       pytest_assume.plugin.FailedAssumption: </span><br/><span class="error">E       7 Failed Assumptions:</span><br/><span class="error">E       </span><br/><span class="error">E       test_imu_driver.py:79: AssumptionFailure</span><br/><span class="error">E       &gt;&gt;	log_obj.check_odr()</span><br/><span class="error">E       AssertionError: accel time interval [10.106614583333325, 20.375520833331393] data out of range [0.0 18.0] in &lt;c:\SeeTests\bmi3x0_20211228_105957\log\TestDataStream-test_data_stream[accel-odr_100hz-hw0]\Data\SensorAPI_ACCEL_S1_I0_D4_R0_[std_sensor_event].csv&gt;</span><br/><span class="error">E       </span><br/><span class="error">E       test_imu_driver.py:83: AssumptionFailure</span><br/><span class="error">E       &gt;&gt;	log_obj.check_data_range(col_name, axis)</span><br/><span class="error">E       AssertionError: Accel X (m/s^2) [-47.812176, 0.612915] out of range [-1.5, 1.5] in c:\SeeTests\bmi3x0_20211228_105957\log\TestDataStream-test_data_stream[accel-odr_100hz-hw0]\Data\SensorAPI_ACCEL_S1_I0_D4_R0_[std_sensor_event].csv</span><br/><span class="error">E       </span><br/><span class="error">E       test_imu_driver.py:85: AssumptionFailure</span><br/><span class="error">E       &gt;&gt;	log_obj.check_data_stddev(col_name, axis)</span><br/><span class="error">E       AssertionError: accel x axis std_dev 18.171480637168823 exceeds limit 0.15696 in accel</span><br/><span class="error">E       </span><br/><span class="error">E       test_imu_driver.py:83: AssumptionFailure</span><br/><span class="error">E       &gt;&gt;	log_obj.check_data_range(col_name, axis)</span><br/><span class="error">E       AssertionError: Accel Y (m/s^2) [-15.940583, 17.156837] out of range [-1.5, 1.5] in c:\SeeTests\bmi3x0_20211228_105957\log\TestDataStream-test_data_stream[accel-odr_100hz-hw0]\Data\SensorAPI_ACCEL_S1_I0_D4_R0_[std_sensor_event].csv</span><br/><span class="error">E       </span><br/><span class="error">E       test_imu_driver.py:85: AssumptionFailure</span><br/><span class="error">E       &gt;&gt;	log_obj.check_data_stddev(col_name, axis)</span><br/><span class="error">E       AssertionError: accel y axis std_dev 2.3094139017567703 exceeds limit 0.15696 in accel</span><br/><span class="error">E       </span><br/><span class="error">E       test_imu_driver.py:83: AssumptionFailure</span><br/><span class="error">E       &gt;&gt;	log_obj.check_data_range(col_name, axis)</span><br/><span class="error">E       AssertionError: Accel Z (m/s^2) [0.612915, 2.489968] out of range [8.3, 11.3] in c:\SeeTests\bmi3x0_20211228_105957\log\TestDataStream-test_data_stream[accel-odr_100hz-hw0]\Data\SensorAPI_ACCEL_S1_I0_D4_R0_[std_sensor_event].csv</span><br/><span class="error">E       </span><br/><span class="error">E       test_imu_driver.py:85: AssumptionFailure</span><br/><span class="error">E       &gt;&gt;	log_obj.check_data_stddev(col_name, axis)</span><br/><span class="error">E       AssertionError: accel z axis std_dev 0.9369097343482048 exceeds limit 0.15696 in accel</span><br/><br/>..\..\libs\data_process\std_sensor_event_log.py:259: FailedAssumption<br/></div></td></tr></tbody>
      <tbody class="failed results-table-row">
        <tr>
          <td class="col-result">Failed</td>
          <td class="col-name">testcases/QualcommSeeDriverTests/test_imu_driver.py::TestDataStream::test_data_stream[accel-odr_200hz-hw0]</td>
          <td class="col-duration">58.35</td>
          <td class="col-links"></td></tr>
        <tr>
          <td class="extra" colspan="4">
            <div class="log">self = &lt;testcases.QualcommSeeDriverTests.test_imu_driver.TestDataStream object at 0x000001A68101A400&gt;<br/>collect_sscdrva_result = {&#x27;bias_values&#x27;: [], &#x27;diag_packets_list&#x27;: [DiagPacket(errorCode=None, packetType=0, packetId=&#x27;0x19D6&#x27;, moreResponsesFla...sv&#x27;, &#x27;hdf&#x27;: &#x27;c:\\SeeTests\\bmi3x0_20211228_105957\\log\\TestDataStream-test_data_stream[accel-odr_200hz-hw0].hdf&#x27;, ...}<br/>qseevt_open = &lt;libs.qseevt.Qseevt object at 0x000001A68026E700&gt;<br/>sensor_info_txt = &#x27;C:\\PythonProjects\\Vendetta\\testcases\\QualcommSeeDriverTests\\sensorinfo.txt&#x27;<br/><br/>    def test_data_stream(self, collect_sscdrva_result, qseevt_open, sensor_info_txt):<br/>        hdf_file = collect_sscdrva_result[&#x27;hdf&#x27;]<br/>        csv_logs = qseevt_open.parse_hdf_to_csv(hdf_file, sensor_info_txt)<br/>        for csv_log in csv_logs:<br/>            log_obj = std_sensor_event_log.SeeDrvLog(csv_log, skip_data=1)<br/>            sensor_name = log_obj.sensor<br/>            if not log_obj.odr or log_obj.dest_sensor != &#x27;da_test&#x27;:<br/>                continue<br/>    <br/>            with pytest.assume:<br/>                log_obj.check_odr()<br/>            for axis in std_sensor_event_log.axises:<br/>                col_name = f&#x27;{sensor_name.capitalize()} {axis.upper()} ({log_obj.unit})&#x27;<br/>                with pytest.assume:<br/>                    log_obj.check_data_range(col_name, axis)<br/>                with pytest.assume:<br/>&gt;                   log_obj.check_data_stddev(col_name, axis)<br/><br/>test_imu_driver.py:85: <br/>_ _ _ _ _ _ _ _ _ _ _ _ _ _ _ _ _ _ _ _ _ _ _ _ _ _ _ _ _ _ _ _ _ _ _ _ _ _ _ _<br/><br/>self = &lt;libs.data_process.std_sensor_event_log.SeeDrvLog object at 0x000001A681F8CC40&gt;<br/>col_name = &#x27;Accel Z (m/s^2)&#x27;, axis = &#x27;z&#x27;<br/><br/>    def check_data_stddev(self, col_name, axis):<br/>        stddev = self.stats[col_name][&#x27;std&#x27;]<br/>        l_limit = 0<br/>        # h_limit = 0<br/>        h_limit = stddev_limits[self.sensor][axis]<br/>&gt;       assert (<br/>            l_limit &lt; stddev &lt;= h_limit<br/>        ), f&quot;{self.sensor} {axis} axis std_dev {stddev} exceeds limit {h_limit} in {self.sensor}&quot;<br/><span class="error">E       pytest_assume.plugin.FailedAssumption: </span><br/><span class="error">E       7 Failed Assumptions:</span><br/><span class="error">E       </span><br/><span class="error">E       test_imu_driver.py:79: AssumptionFailure</span><br/><span class="error">E       &gt;&gt;	log_obj.check_odr()</span><br/><span class="error">E       AssertionError: accel time interval [0.0, 320255983046273.7] data out of range [0.0 9.0] in &lt;c:\SeeTests\bmi3x0_20211228_105957\log\TestDataStream-test_data_stream[accel-odr_200hz-hw0]\Data\SensorAPI_ACCEL_S1_I0_D4_R0_[std_sensor_event].csv&gt;</span><br/><span class="error">E       </span><br/><span class="error">E       test_imu_driver.py:83: AssumptionFailure</span><br/><span class="error">E       &gt;&gt;	log_obj.check_data_range(col_name, axis)</span><br/><span class="error">E       AssertionError: Accel X (m/s^2) [-53.941326, 0.612915] out of range [-1.5, 1.5] in c:\SeeTests\bmi3x0_20211228_105957\log\TestDataStream-test_data_stream[accel-odr_200hz-hw0]\Data\SensorAPI_ACCEL_S1_I0_D4_R0_[std_sensor_event].csv</span><br/><span class="error">E       </span><br/><span class="error">E       test_imu_driver.py:85: AssumptionFailure</span><br/><span class="error">E       &gt;&gt;	log_obj.check_data_stddev(col_name, axis)</span><br/><span class="error">E       AssertionError: accel x axis std_dev 18.201665996557484 exceeds limit 0.15696 in accel</span><br/><span class="error">E       </span><br/><span class="error">E       test_imu_driver.py:83: AssumptionFailure</span><br/><span class="error">E       &gt;&gt;	log_obj.check_data_range(col_name, axis)</span><br/><span class="error">E       AssertionError: Accel Y (m/s^2) [-15.940583, 17.156837] out of range [-1.5, 1.5] in c:\SeeTests\bmi3x0_20211228_105957\log\TestDataStream-test_data_stream[accel-odr_200hz-hw0]\Data\SensorAPI_ACCEL_S1_I0_D4_R0_[std_sensor_event].csv</span><br/><span class="error">E       </span><br/><span class="error">E       test_imu_driver.py:85: AssumptionFailure</span><br/><span class="error">E       &gt;&gt;	log_obj.check_data_stddev(col_name, axis)</span><br/><span class="error">E       AssertionError: accel y axis std_dev 3.0081490543352145 exceeds limit 0.15696 in accel</span><br/><span class="error">E       </span><br/><span class="error">E       test_imu_driver.py:83: AssumptionFailure</span><br/><span class="error">E       &gt;&gt;	log_obj.check_data_range(col_name, axis)</span><br/><span class="error">E       AssertionError: Accel Z (m/s^2) [0.612915, 2.489968] out of range [8.3, 11.3] in c:\SeeTests\bmi3x0_20211228_105957\log\TestDataStream-test_data_stream[accel-odr_200hz-hw0]\Data\SensorAPI_ACCEL_S1_I0_D4_R0_[std_sensor_event].csv</span><br/><span class="error">E       </span><br/><span class="error">E       test_imu_driver.py:85: AssumptionFailure</span><br/><span class="error">E       &gt;&gt;	log_obj.check_data_stddev(col_name, axis)</span><br/><span class="error">E       AssertionError: accel z axis std_dev 0.9371779189153278 exceeds limit 0.15696 in accel</span><br/><br/>..\..\libs\data_process\std_sensor_event_log.py:259: FailedAssumption<br/></div></td></tr></tbody>
      <tbody class="failed results-table-row">
        <tr>
          <td class="col-result">Failed</td>
          <td class="col-name">testcases/QualcommSeeDriverTests/test_imu_driver.py::TestDataStream::test_data_stream[accel-odr_max-hw0]</td>
          <td class="col-duration">53.48</td>
          <td class="col-links"></td></tr>
        <tr>
          <td class="extra" colspan="4">
            <div class="log">self = &lt;testcases.QualcommSeeDriverTests.test_imu_driver.TestDataStream object at 0x000001A681F8B4C0&gt;<br/>collect_sscdrva_result = {&#x27;bias_values&#x27;: [], &#x27;diag_packets_list&#x27;: [DiagPacket(errorCode=None, packetType=0, packetId=&#x27;0x19D6&#x27;, moreResponsesFla....csv&#x27;, &#x27;hdf&#x27;: &#x27;c:\\SeeTests\\bmi3x0_20211228_105957\\log\\TestDataStream-test_data_stream[accel-odr_max-hw0].hdf&#x27;, ...}<br/>qseevt_open = &lt;libs.qseevt.Qseevt object at 0x000001A68026E700&gt;<br/>sensor_info_txt = &#x27;C:\\PythonProjects\\Vendetta\\testcases\\QualcommSeeDriverTests\\sensorinfo.txt&#x27;<br/><br/>    def test_data_stream(self, collect_sscdrva_result, qseevt_open, sensor_info_txt):<br/>        hdf_file = collect_sscdrva_result[&#x27;hdf&#x27;]<br/>        csv_logs = qseevt_open.parse_hdf_to_csv(hdf_file, sensor_info_txt)<br/>        for csv_log in csv_logs:<br/>            log_obj = std_sensor_event_log.SeeDrvLog(csv_log, skip_data=1)<br/>            sensor_name = log_obj.sensor<br/>            if not log_obj.odr or log_obj.dest_sensor != &#x27;da_test&#x27;:<br/>                continue<br/>    <br/>            with pytest.assume:<br/>                log_obj.check_odr()<br/>            for axis in std_sensor_event_log.axises:<br/>                col_name = f&#x27;{sensor_name.capitalize()} {axis.upper()} ({log_obj.unit})&#x27;<br/>                with pytest.assume:<br/>                    log_obj.check_data_range(col_name, axis)<br/>                with pytest.assume:<br/>&gt;                   log_obj.check_data_stddev(col_name, axis)<br/><br/>test_imu_driver.py:85: <br/>_ _ _ _ _ _ _ _ _ _ _ _ _ _ _ _ _ _ _ _ _ _ _ _ _ _ _ _ _ _ _ _ _ _ _ _ _ _ _ _<br/><br/>self = &lt;libs.data_process.std_sensor_event_log.SeeDrvLog object at 0x000001A682EE5520&gt;<br/>col_name = &#x27;Accel Z (m/s^2)&#x27;, axis = &#x27;z&#x27;<br/><br/>    def check_data_stddev(self, col_name, axis):<br/>        stddev = self.stats[col_name][&#x27;std&#x27;]<br/>        l_limit = 0<br/>        # h_limit = 0<br/>        h_limit = stddev_limits[self.sensor][axis]<br/>&gt;       assert (<br/>            l_limit &lt; stddev &lt;= h_limit<br/>        ), f&quot;{self.sensor} {axis} axis std_dev {stddev} exceeds limit {h_limit} in {self.sensor}&quot;<br/><span class="error">E       pytest_assume.plugin.FailedAssumption: </span><br/><span class="error">E       7 Failed Assumptions:</span><br/><span class="error">E       </span><br/><span class="error">E       test_imu_driver.py:79: AssumptionFailure</span><br/><span class="error">E       &gt;&gt;	log_obj.check_odr()</span><br/><span class="error">E       AssertionError: accel time interval [0.00010416666666701602, 106751991962664.97] data out of range [0.0 4.5] in &lt;c:\SeeTests\bmi3x0_20211228_105957\log\TestDataStream-test_data_stream[accel-odr_max-hw0]\Data\SensorAPI_ACCEL_S1_I0_D4_R0_[std_sensor_event].csv&gt;</span><br/><span class="error">E       </span><br/><span class="error">E       test_imu_driver.py:83: AssumptionFailure</span><br/><span class="error">E       &gt;&gt;	log_obj.check_data_range(col_name, axis)</span><br/><span class="error">E       AssertionError: Accel X (m/s^2) [-42.908852, 0.612915] out of range [-1.5, 1.5] in c:\SeeTests\bmi3x0_20211228_105957\log\TestDataStream-test_data_stream[accel-odr_max-hw0]\Data\SensorAPI_ACCEL_S1_I0_D4_R0_[std_sensor_event].csv</span><br/><span class="error">E       </span><br/><span class="error">E       test_imu_driver.py:85: AssumptionFailure</span><br/><span class="error">E       &gt;&gt;	log_obj.check_data_stddev(col_name, axis)</span><br/><span class="error">E       AssertionError: accel x axis std_dev 17.62389460514136 exceeds limit 0.15696 in accel</span><br/><span class="error">E       </span><br/><span class="error">E       test_imu_driver.py:83: AssumptionFailure</span><br/><span class="error">E       &gt;&gt;	log_obj.check_data_range(col_name, axis)</span><br/><span class="error">E       AssertionError: Accel Y (m/s^2) [-9.811432, 3.672703] out of range [-1.5, 1.5] in c:\SeeTests\bmi3x0_20211228_105957\log\TestDataStream-test_data_stream[accel-odr_max-hw0]\Data\SensorAPI_ACCEL_S1_I0_D4_R0_[std_sensor_event].csv</span><br/><span class="error">E       </span><br/><span class="error">E       test_imu_driver.py:85: AssumptionFailure</span><br/><span class="error">E       &gt;&gt;	log_obj.check_data_stddev(col_name, axis)</span><br/><span class="error">E       AssertionError: accel y axis std_dev 2.3872633002451473 exceeds limit 0.15696 in accel</span><br/><span class="error">E       </span><br/><span class="error">E       test_imu_driver.py:83: AssumptionFailure</span><br/><span class="error">E       &gt;&gt;	log_obj.check_data_range(col_name, axis)</span><br/><span class="error">E       AssertionError: Accel Z (m/s^2) [0.612915, 2.489968] out of range [8.3, 11.3] in c:\SeeTests\bmi3x0_20211228_105957\log\TestDataStream-test_data_stream[accel-odr_max-hw0]\Data\SensorAPI_ACCEL_S1_I0_D4_R0_[std_sensor_event].csv</span><br/><span class="error">E       </span><br/><span class="error">E       test_imu_driver.py:85: AssumptionFailure</span><br/><span class="error">E       &gt;&gt;	log_obj.check_data_stddev(col_name, axis)</span><br/><span class="error">E       AssertionError: accel z axis std_dev 0.9133264102873917 exceeds limit 0.15696 in accel</span><br/><br/>..\..\libs\data_process\std_sensor_event_log.py:259: FailedAssumption<br/></div></td></tr></tbody>
      <tbody class="failed results-table-row">
        <tr>
          <td class="col-result">Failed</td>
          <td class="col-name">testcases/QualcommSeeDriverTests/test_imu_driver.py::TestDataStream::test_data_stream[accel-odr_sweep_ascend-hw0]</td>
          <td class="col-duration">205.51</td>
          <td class="col-links"></td></tr>
        <tr>
          <td class="extra" colspan="4">
            <div class="log">self = &lt;testcases.QualcommSeeDriverTests.test_imu_driver.TestDataStream object at 0x000001A682F08EB0&gt;<br/>collect_sscdrva_result = {&#x27;bias_values&#x27;: [], &#x27;diag_packets_list&#x27;: [DiagPacket(errorCode=None, packetType=0, packetId=&#x27;0x19D6&#x27;, moreResponsesFla...df&#x27;: &#x27;c:\\SeeTests\\bmi3x0_20211228_105957\\log\\TestDataStream-test_data_stream[accel-odr_sweep_ascend-hw0].hdf&#x27;, ...}<br/>qseevt_open = &lt;libs.qseevt.Qseevt object at 0x000001A68026E700&gt;<br/>sensor_info_txt = &#x27;C:\\PythonProjects\\Vendetta\\testcases\\QualcommSeeDriverTests\\sensorinfo.txt&#x27;<br/><br/>    def test_data_stream(self, collect_sscdrva_result, qseevt_open, sensor_info_txt):<br/>        hdf_file = collect_sscdrva_result[&#x27;hdf&#x27;]<br/>        csv_logs = qseevt_open.parse_hdf_to_csv(hdf_file, sensor_info_txt)<br/>        for csv_log in csv_logs:<br/>            log_obj = std_sensor_event_log.SeeDrvLog(csv_log, skip_data=1)<br/>            sensor_name = log_obj.sensor<br/>            if not log_obj.odr or log_obj.dest_sensor != &#x27;da_test&#x27;:<br/>                continue<br/>    <br/>            with pytest.assume:<br/>                log_obj.check_odr()<br/>            for axis in std_sensor_event_log.axises:<br/>                col_name = f&#x27;{sensor_name.capitalize()} {axis.upper()} ({log_obj.unit})&#x27;<br/>                with pytest.assume:<br/>                    log_obj.check_data_range(col_name, axis)<br/>                with pytest.assume:<br/>&gt;                   log_obj.check_data_stddev(col_name, axis)<br/><br/>test_imu_driver.py:85: <br/>_ _ _ _ _ _ _ _ _ _ _ _ _ _ _ _ _ _ _ _ _ _ _ _ _ _ _ _ _ _ _ _ _ _ _ _ _ _ _ _<br/><br/>self = &lt;libs.data_process.std_sensor_event_log.SeeDrvLog object at 0x000001A687347610&gt;<br/>col_name = &#x27;Accel Z (m/s^2)&#x27;, axis = &#x27;z&#x27;<br/><br/>    def check_data_stddev(self, col_name, axis):<br/>        stddev = self.stats[col_name][&#x27;std&#x27;]<br/>        l_limit = 0<br/>        # h_limit = 0<br/>        h_limit = stddev_limits[self.sensor][axis]<br/>&gt;       assert (<br/>            l_limit &lt; stddev &lt; h_limit<br/>        ), f&quot;{col_name} standard deviation {stddev} exceeds limit [{l_limit}, {h_limit}] in {self.csv_file}&quot;<br/><span class="error">E       pytest_assume.plugin.FailedAssumption: </span><br/><span class="error">E       21 Failed Assumptions:</span><br/><span class="error">E       </span><br/><span class="error">E       test_imu_driver.py:79: AssumptionFailure</span><br/><span class="error">E       &gt;&gt;	log_obj.check_odr()</span><br/><span class="error">E       AssertionError: accel time interval [19.759999999999998, 40.65791666666655] data out of range [0.0 36.0] in &lt;c:\SeeTests\bmi3x0_20211228_105957\log\TestDataStream-test_data_stream[accel-odr_sweep_ascend-hw0]\Data\SensorAPI_ACCEL_S1_I0_D4_R0_[std_sensor_event].csv&gt;</span><br/><span class="error">E       </span><br/><span class="error">E       test_imu_driver.py:83: AssumptionFailure</span><br/><span class="error">E       &gt;&gt;	log_obj.check_data_range(col_name, axis)</span><br/><span class="error">E       AssertionError: Accel X (m/s^2) [-42.908852, 0.612915] out of range [-1.5, 1.5] in c:\SeeTests\bmi3x0_20211228_105957\log\TestDataStream-test_data_stream[accel-odr_sweep_ascend-hw0]\Data\SensorAPI_ACCEL_S1_I0_D4_R0_[std_sensor_event].csv</span><br/><span class="error">E       </span><br/><span class="error">E       test_imu_driver.py:85: AssumptionFailure</span><br/><span class="error">E       &gt;&gt;	log_obj.check_data_stddev(col_name, axis)</span><br/><span class="error">E       AssertionError: accel x axis std_dev 17.309172136343854 exceeds limit 0.15696 in accel</span><br/><span class="error">E       </span><br/><span class="error">E       test_imu_driver.py:83: AssumptionFailure</span><br/><span class="error">E       &gt;&gt;	log_obj.check_data_range(col_name, axis)</span><br/><span class="error">E       AssertionError: Accel Y (m/s^2) [-12.263092, 7.350194] out of range [-1.5, 1.5] in c:\SeeTests\bmi3x0_20211228_105957\log\TestDataStream-test_data_stream[accel-odr_sweep_ascend-hw0]\Data\SensorAPI_ACCEL_S1_I0_D4_R0_[std_sensor_event].csv</span><br/><span class="error">E       </span><br/><span class="error">E       test_imu_driver.py:85: AssumptionFailure</span><br/><span class="error">E       &gt;&gt;	log_obj.check_data_stddev(col_name, axis)</span><br/><span class="error">E       AssertionError: accel y axis std_dev 1.6996030910428157 exceeds limit 0.15696 in accel</span><br/><span class="error">E       </span><br/><span class="error">E       test_imu_driver.py:83: AssumptionFailure</span><br/><span class="error">E       &gt;&gt;	log_obj.check_data_range(col_name, axis)</span><br/><span class="error">E       AssertionError: Accel Z (m/s^2) [0.612915, 2.489968] out of range [8.3, 11.3] in c:\SeeTests\bmi3x0_20211228_105957\log\TestDataStream-test_data_stream[accel-odr_sweep_ascend-hw0]\Data\SensorAPI_ACCEL_S1_I0_D4_R0_[std_sensor_event].csv</span><br/><span class="error">E       </span><br/><span class="error">E       test_imu_driver.py:85: AssumptionFailure</span><br/><span class="error">E       &gt;&gt;	log_obj.check_data_stddev(col_name, axis)</span><br/><span class="error">E       AssertionError: accel z axis std_dev 0.9369665111949456 exceeds limit 0.15696 in accel</span><br/><span class="error">E       </span><br/><span class="error">E       test_imu_driver.py:79: AssumptionFailure</span><br/><span class="error">E       &gt;&gt;	log_obj.check_odr()</span><br/><span class="error">E       AssertionError: accel time interval [5.069531249995634, 10.29187500000262] data out of range [0.0 9.0] in &lt;c:\SeeTests\bmi3x0_20211228_105957\log\TestDataStream-test_data_stream[accel-odr_sweep_ascend-hw0]\Data\SensorAPI_ACCEL_S1_I0_D4_R2_[std_sensor_event].csv&gt;</span><br/><span class="error">E       </span><br/><span class="error">E       test_imu_driver.py:83: AssumptionFailure</span><br/><span class="error">E       &gt;&gt;	log_obj.check_data_range(col_name, axis)</span><br/><span class="error">E       AssertionError: Accel X (m/s^2) [-51.489666, 0.612915] out of range [-1.5, 1.5] in c:\SeeTests\bmi3x0_20211228_105957\log\TestDataStream-test_data_stream[accel-odr_sweep_ascend-hw0]\Data\SensorAPI_ACCEL_S1_I0_D4_R2_[std_sensor_event].csv</span><br/><span class="error">E       </span><br/><span class="error">E       test_imu_driver.py:85: AssumptionFailure</span><br/><span class="error">E       &gt;&gt;	log_obj.check_data_stddev(col_name, axis)</span><br/><span class="error">E       AssertionError: accel x axis std_dev 17.316949680964427 exceeds limit 0.15696 in accel</span><br/><span class="error">E       </span><br/><span class="error">E       test_imu_driver.py:83: AssumptionFailure</span><br/><span class="error">E       &gt;&gt;	log_obj.check_data_range(col_name, axis)</span><br/><span class="error">E       AssertionError: Accel Y (m/s^2) [-23.295567, 31.866802] out of range [-1.5, 1.5] in c:\SeeTests\bmi3x0_20211228_105957\log\TestDataStream-test_data_stream[accel-odr_sweep_ascend-hw0]\Data\SensorAPI_ACCEL_S1_I0_D4_R2_[std_sensor_event].csv</span><br/><span class="error">E       </span><br/><span class="error">E       test_imu_driver.py:85: AssumptionFailure</span><br/><span class="error">E       &gt;&gt;	log_obj.check_data_stddev(col_name, axis)</span><br/><span class="error">E       AssertionError: accel y axis std_dev 3.252162129220565 exceeds limit 0.15696 in accel</span><br/><span class="error">E       </span><br/><span class="error">E       test_imu_driver.py:83: AssumptionFailure</span><br/><span class="error">E       &gt;&gt;	log_obj.check_data_range(col_name, axis)</span><br/><span class="error">E       AssertionError: Accel Z (m/s^2) [0.612915, 2.489968] out of range [8.3, 11.3] in c:\SeeTests\bmi3x0_20211228_105957\log\TestDataStream-test_data_stream[accel-odr_sweep_ascend-hw0]\Data\SensorAPI_ACCEL_S1_I0_D4_R2_[std_sensor_event].csv</span><br/><span class="error">E       </span><br/><span class="error">E       test_imu_driver.py:85: AssumptionFailure</span><br/><span class="error">E       &gt;&gt;	log_obj.check_data_stddev(col_name, axis)</span><br/><span class="error">E       AssertionError: accel z axis std_dev 0.9371189412189914 exceeds limit 0.15696 in accel</span><br/><span class="error">E       </span><br/><span class="error">E       test_imu_driver.py:79: AssumptionFailure</span><br/><span class="error">E       &gt;&gt;	log_obj.check_odr()</span><br/><span class="error">E       AssertionError: accel time interval [0.0, 320255983046273.7] data out of range [0.0 4.5] in &lt;c:\SeeTests\bmi3x0_20211228_105957\log\TestDataStream-test_data_stream[accel-odr_sweep_ascend-hw0]\Data\SensorAPI_ACCEL_S1_I0_D4_R3_[std_sensor_event].csv&gt;</span><br/><span class="error">E       </span><br/><span class="error">E       test_imu_driver.py:83: AssumptionFailure</span><br/><span class="error">E       &gt;&gt;	log_obj.check_data_range(col_name, axis)</span><br/><span class="error">E       AssertionError: Accel X (m/s^2) [-53.941326, 0.612915] out of range [-1.5, 1.5] in c:\SeeTests\bmi3x0_20211228_105957\log\TestDataStream-test_data_stream[accel-odr_sweep_ascend-hw0]\Data\SensorAPI_ACCEL_S1_I0_D4_R3_[std_sensor_event].csv</span><br/><span class="error">E       </span><br/><span class="error">E       test_imu_driver.py:85: AssumptionFailure</span><br/><span class="error">E       &gt;&gt;	log_obj.check_data_stddev(col_name, axis)</span><br/><span class="error">E       AssertionError: accel x axis std_dev 18.265129758538443 exceeds limit 0.15696 in accel</span><br/><span class="error">E       </span><br/><span class="error">E       test_imu_driver.py:83: AssumptionFailure</span><br/><span class="error">E       &gt;&gt;	log_obj.check_data_range(col_name, axis)</span><br/><span class="error">E       AssertionError: Accel Y (m/s^2) [-26.973057, 28.18931] out of range [-1.5, 1.5] in c:\SeeTests\bmi3x0_20211228_105957\log\TestDataStream-test_data_stream[accel-odr_sweep_ascend-hw0]\Data\SensorAPI_ACCEL_S1_I0_D4_R3_[std_sensor_event].csv</span><br/><span class="error">E       </span><br/><span class="error">E       test_imu_driver.py:85: AssumptionFailure</span><br/><span class="error">E       &gt;&gt;	log_obj.check_data_stddev(col_name, axis)</span><br/><span class="error">E       AssertionError: accel y axis std_dev 3.727399628283587 exceeds limit 0.15696 in accel</span><br/><span class="error">E       </span><br/><span class="error">E       test_imu_driver.py:83: AssumptionFailure</span><br/><span class="error">E       &gt;&gt;	log_obj.check_data_range(col_name, axis)</span><br/><span class="error">E       AssertionError: Accel Z (m/s^2) [0.612915, 2.489968] out of range [8.3, 11.3] in c:\SeeTests\bmi3x0_20211228_105957\log\TestDataStream-test_data_stream[accel-odr_sweep_ascend-hw0]\Data\SensorAPI_ACCEL_S1_I0_D4_R3_[std_sensor_event].csv</span><br/><span class="error">E       </span><br/><span class="error">E       test_imu_driver.py:85: AssumptionFailure</span><br/><span class="error">E       &gt;&gt;	log_obj.check_data_stddev(col_name, axis)</span><br/><span class="error">E       AssertionError: accel z axis std_dev 0.9371192361947346 exceeds limit 0.15696 in accel</span><br/><br/>..\..\libs\data_process\std_sensor_event_log.py:259: FailedAssumption<br/></div></td></tr></tbody>
      <tbody class="failed results-table-row">
        <tr>
          <td class="col-result">Failed</td>
          <td class="col-name">testcases/QualcommSeeDriverTests/test_imu_driver.py::TestDataStream::test_data_stream[gyro-odr_min-hw0]</td>
          <td class="col-duration">44.02</td>
          <td class="col-links"></td></tr>
        <tr>
          <td class="extra" colspan="4">
            <div class="log">self = &lt;testcases.QualcommSeeDriverTests.test_imu_driver.TestDataStream object at 0x000001A68732EBE0&gt;<br/>collect_sscdrva_result = {&#x27;bias_values&#x27;: [], &#x27;diag_packets_list&#x27;: [DiagPacket(errorCode=None, packetType=3, packetId=&#x27;122/0&#x27;, moreResponsesFlag...].csv&#x27;, &#x27;hdf&#x27;: &#x27;c:\\SeeTests\\bmi3x0_20211228_105957\\log\\TestDataStream-test_data_stream[gyro-odr_min-hw0].hdf&#x27;, ...}<br/>qseevt_open = &lt;libs.qseevt.Qseevt object at 0x000001A68026E700&gt;<br/>sensor_info_txt = &#x27;C:\\PythonProjects\\Vendetta\\testcases\\QualcommSeeDriverTests\\sensorinfo.txt&#x27;<br/><br/>    def test_data_stream(self, collect_sscdrva_result, qseevt_open, sensor_info_txt):<br/>        hdf_file = collect_sscdrva_result[&#x27;hdf&#x27;]<br/>        csv_logs = qseevt_open.parse_hdf_to_csv(hdf_file, sensor_info_txt)<br/>        for csv_log in csv_logs:<br/>            log_obj = std_sensor_event_log.SeeDrvLog(csv_log, skip_data=1)<br/>            sensor_name = log_obj.sensor<br/>            if not log_obj.odr or log_obj.dest_sensor != &#x27;da_test&#x27;:<br/>                continue<br/>    <br/>            with pytest.assume:<br/>                log_obj.check_odr()<br/>            for axis in std_sensor_event_log.axises:<br/>                col_name = f&#x27;{sensor_name.capitalize()} {axis.upper()} ({log_obj.unit})&#x27;<br/>                with pytest.assume:<br/>                    log_obj.check_data_range(col_name, axis)<br/>                with pytest.assume:<br/>&gt;                   log_obj.check_data_stddev(col_name, axis)<br/><br/>test_imu_driver.py:85: <br/>_ _ _ _ _ _ _ _ _ _ _ _ _ _ _ _ _ _ _ _ _ _ _ _ _ _ _ _ _ _ _ _ _ _ _ _ _ _ _ _<br/><br/>self = &lt;libs.data_process.std_sensor_event_log.SeeDrvLog object at 0x000001A6880A42B0&gt;<br/>col_name = &#x27;Gyro Z (rad/s)&#x27;, axis = &#x27;z&#x27;<br/><br/>    def check_data_stddev(self, col_name, axis):<br/>        stddev = self.stats[col_name][&#x27;std&#x27;]<br/>        l_limit = 0<br/>        # h_limit = 0<br/>        h_limit = stddev_limits[self.sensor][axis]<br/>&gt;       assert (<br/>            l_limit &lt; stddev &lt; h_limit<br/>        ), f&quot;{col_name} standard deviation {stddev} exceeds limit [{l_limit}, {h_limit}] in {self.csv_file}&quot;<br/><span class="error">E       pytest_assume.plugin.FailedAssumption: </span><br/><span class="error">E       6 Failed Assumptions:</span><br/><span class="error">E       </span><br/><span class="error">E       test_imu_driver.py:79: AssumptionFailure</span><br/><span class="error">E       &gt;&gt;	log_obj.check_odr()</span><br/><span class="error">E       AssertionError: gyro time interval [6.68359375, 40.14942708333331] data out of range [0.0 36.0] in &lt;c:\SeeTests\bmi3x0_20211228_105957\log\TestDataStream-test_data_stream[gyro-odr_min-hw0]\Data\SensorAPI_GYRO_S1_I0_D4_R0_[std_sensor_event].csv&gt;</span><br/><span class="error">E       </span><br/><span class="error">E       test_imu_driver.py:83: AssumptionFailure</span><br/><span class="error">E       &gt;&gt;	log_obj.check_data_range(col_name, axis)</span><br/><span class="error">E       AssertionError: Gyro X (rad/s) [-1.09056, 0.271575] out of range [-0.8, 0.8] in c:\SeeTests\bmi3x0_20211228_105957\log\TestDataStream-test_data_stream[gyro-odr_min-hw0]\Data\SensorAPI_GYRO_S1_I0_D4_R0_[std_sensor_event].csv</span><br/><span class="error">E       </span><br/><span class="error">E       test_imu_driver.py:85: AssumptionFailure</span><br/><span class="error">E       &gt;&gt;	log_obj.check_data_stddev(col_name, axis)</span><br/><span class="error">E       AssertionError: gyro x axis std_dev 0.34939070583454135 exceeds limit 0.009774 in gyro</span><br/><span class="error">E       </span><br/><span class="error">E       test_imu_driver.py:83: AssumptionFailure</span><br/><span class="error">E       &gt;&gt;	log_obj.check_data_range(col_name, axis)</span><br/><span class="error">E       AssertionError: Gyro Y (rad/s) [0.0, 1.089495] out of range [-0.8, 0.8] in c:\SeeTests\bmi3x0_20211228_105957\log\TestDataStream-test_data_stream[gyro-odr_min-hw0]\Data\SensorAPI_GYRO_S1_I0_D4_R0_[std_sensor_event].csv</span><br/><span class="error">E       </span><br/><span class="error">E       test_imu_driver.py:85: AssumptionFailure</span><br/><span class="error">E       &gt;&gt;	log_obj.check_data_stddev(col_name, axis)</span><br/><span class="error">E       AssertionError: gyro y axis std_dev 0.3041707644508145 exceeds limit 0.009774 in gyro</span><br/><span class="error">E       </span><br/><span class="error">E       test_imu_driver.py:85: AssumptionFailure</span><br/><span class="error">E       &gt;&gt;	log_obj.check_data_stddev(col_name, axis)</span><br/><span class="error">E       AssertionError: gyro z axis std_dev 0.06817146220473924 exceeds limit 0.009774 in gyro</span><br/><br/>..\..\libs\data_process\std_sensor_event_log.py:259: FailedAssumption<br/></div></td></tr></tbody>
      <tbody class="failed results-table-row">
        <tr>
          <td class="col-result">Failed</td>
          <td class="col-name">testcases/QualcommSeeDriverTests/test_imu_driver.py::TestDataStream::test_data_stream[gyro-odr_50hz-hw0]</td>
          <td class="col-duration">43.80</td>
          <td class="col-links"></td></tr>
        <tr>
          <td class="extra" colspan="4">
            <div class="log">self = &lt;testcases.QualcommSeeDriverTests.test_imu_driver.TestDataStream object at 0x000001A6881133D0&gt;<br/>collect_sscdrva_result = {&#x27;bias_values&#x27;: [], &#x27;diag_packets_list&#x27;: [DiagPacket(errorCode=None, packetType=3, packetId=&#x27;122/0&#x27;, moreResponsesFlag....csv&#x27;, &#x27;hdf&#x27;: &#x27;c:\\SeeTests\\bmi3x0_20211228_105957\\log\\TestDataStream-test_data_stream[gyro-odr_50hz-hw0].hdf&#x27;, ...}<br/>qseevt_open = &lt;libs.qseevt.Qseevt object at 0x000001A68026E700&gt;<br/>sensor_info_txt = &#x27;C:\\PythonProjects\\Vendetta\\testcases\\QualcommSeeDriverTests\\sensorinfo.txt&#x27;<br/><br/>    def test_data_stream(self, collect_sscdrva_result, qseevt_open, sensor_info_txt):<br/>        hdf_file = collect_sscdrva_result[&#x27;hdf&#x27;]<br/>        csv_logs = qseevt_open.parse_hdf_to_csv(hdf_file, sensor_info_txt)<br/>        for csv_log in csv_logs:<br/>            log_obj = std_sensor_event_log.SeeDrvLog(csv_log, skip_data=1)<br/>            sensor_name = log_obj.sensor<br/>            if not log_obj.odr or log_obj.dest_sensor != &#x27;da_test&#x27;:<br/>                continue<br/>    <br/>            with pytest.assume:<br/>                log_obj.check_odr()<br/>            for axis in std_sensor_event_log.axises:<br/>                col_name = f&#x27;{sensor_name.capitalize()} {axis.upper()} ({log_obj.unit})&#x27;<br/>                with pytest.assume:<br/>                    log_obj.check_data_range(col_name, axis)<br/>                with pytest.assume:<br/>&gt;                   log_obj.check_data_stddev(col_name, axis)<br/><br/>test_imu_driver.py:85: <br/>_ _ _ _ _ _ _ _ _ _ _ _ _ _ _ _ _ _ _ _ _ _ _ _ _ _ _ _ _ _ _ _ _ _ _ _ _ _ _ _<br/><br/>self = &lt;libs.data_process.std_sensor_event_log.SeeDrvLog object at 0x000001A6806F71C0&gt;<br/>col_name = &#x27;Gyro Z (rad/s)&#x27;, axis = &#x27;z&#x27;<br/><br/>    def check_data_stddev(self, col_name, axis):<br/>        stddev = self.stats[col_name][&#x27;std&#x27;]<br/>        l_limit = 0<br/>        # h_limit = 0<br/>        h_limit = stddev_limits[self.sensor][axis]<br/>&gt;       assert (<br/>            l_limit &lt; stddev &lt; h_limit<br/>        ), f&quot;{col_name} standard deviation {stddev} exceeds limit [{l_limit}, {h_limit}] in {self.csv_file}&quot;<br/><span class="error">E       pytest_assume.plugin.FailedAssumption: </span><br/><span class="error">E       6 Failed Assumptions:</span><br/><span class="error">E       </span><br/><span class="error">E       test_imu_driver.py:79: AssumptionFailure</span><br/><span class="error">E       &gt;&gt;	log_obj.check_odr()</span><br/><span class="error">E       AssertionError: gyro time interval [6.670677083333345, 40.17989583333335] data out of range [0.0 36.0] in &lt;c:\SeeTests\bmi3x0_20211228_105957\log\TestDataStream-test_data_stream[gyro-odr_50hz-hw0]\Data\SensorAPI_GYRO_S1_I0_D4_R0_[std_sensor_event].csv&gt;</span><br/><span class="error">E       </span><br/><span class="error">E       test_imu_driver.py:83: AssumptionFailure</span><br/><span class="error">E       &gt;&gt;	log_obj.check_data_range(col_name, axis)</span><br/><span class="error">E       AssertionError: Gyro X (rad/s) [-2.7264, 1.362135] out of range [-0.8, 0.8] in c:\SeeTests\bmi3x0_20211228_105957\log\TestDataStream-test_data_stream[gyro-odr_50hz-hw0]\Data\SensorAPI_GYRO_S1_I0_D4_R0_[std_sensor_event].csv</span><br/><span class="error">E       </span><br/><span class="error">E       test_imu_driver.py:85: AssumptionFailure</span><br/><span class="error">E       &gt;&gt;	log_obj.check_data_stddev(col_name, axis)</span><br/><span class="error">E       AssertionError: gyro x axis std_dev 0.38271708484007233 exceeds limit 0.009774 in gyro</span><br/><span class="error">E       </span><br/><span class="error">E       test_imu_driver.py:83: AssumptionFailure</span><br/><span class="error">E       &gt;&gt;	log_obj.check_data_range(col_name, axis)</span><br/><span class="error">E       AssertionError: Gyro Y (rad/s) [0.0, 1.089495] out of range [-0.8, 0.8] in c:\SeeTests\bmi3x0_20211228_105957\log\TestDataStream-test_data_stream[gyro-odr_50hz-hw0]\Data\SensorAPI_GYRO_S1_I0_D4_R0_[std_sensor_event].csv</span><br/><span class="error">E       </span><br/><span class="error">E       test_imu_driver.py:85: AssumptionFailure</span><br/><span class="error">E       &gt;&gt;	log_obj.check_data_stddev(col_name, axis)</span><br/><span class="error">E       AssertionError: gyro y axis std_dev 0.3058678948556253 exceeds limit 0.009774 in gyro</span><br/><span class="error">E       </span><br/><span class="error">E       test_imu_driver.py:85: AssumptionFailure</span><br/><span class="error">E       &gt;&gt;	log_obj.check_data_stddev(col_name, axis)</span><br/><span class="error">E       AssertionError: gyro z axis std_dev 0.06817145449970274 exceeds limit 0.009774 in gyro</span><br/><br/>..\..\libs\data_process\std_sensor_event_log.py:259: FailedAssumption<br/></div></td></tr></tbody>
      <tbody class="failed results-table-row">
        <tr>
          <td class="col-result">Failed</td>
          <td class="col-name">testcases/QualcommSeeDriverTests/test_imu_driver.py::TestDataStream::test_data_stream[gyro-odr_100hz-hw0]</td>
          <td class="col-duration">49.44</td>
          <td class="col-links"></td></tr>
        <tr>
          <td class="extra" colspan="4">
            <div class="log">self = &lt;testcases.QualcommSeeDriverTests.test_imu_driver.TestDataStream object at 0x000001A6807066D0&gt;<br/>collect_sscdrva_result = {&#x27;bias_values&#x27;: [], &#x27;diag_packets_list&#x27;: [DiagPacket(errorCode=None, packetType=3, packetId=&#x27;122/0&#x27;, moreResponsesFlag...csv&#x27;, &#x27;hdf&#x27;: &#x27;c:\\SeeTests\\bmi3x0_20211228_105957\\log\\TestDataStream-test_data_stream[gyro-odr_100hz-hw0].hdf&#x27;, ...}<br/>qseevt_open = &lt;libs.qseevt.Qseevt object at 0x000001A68026E700&gt;<br/>sensor_info_txt = &#x27;C:\\PythonProjects\\Vendetta\\testcases\\QualcommSeeDriverTests\\sensorinfo.txt&#x27;<br/><br/>    def test_data_stream(self, collect_sscdrva_result, qseevt_open, sensor_info_txt):<br/>        hdf_file = collect_sscdrva_result[&#x27;hdf&#x27;]<br/>        csv_logs = qseevt_open.parse_hdf_to_csv(hdf_file, sensor_info_txt)<br/>        for csv_log in csv_logs:<br/>            log_obj = std_sensor_event_log.SeeDrvLog(csv_log, skip_data=1)<br/>            sensor_name = log_obj.sensor<br/>            if not log_obj.odr or log_obj.dest_sensor != &#x27;da_test&#x27;:<br/>                continue<br/>    <br/>            with pytest.assume:<br/>                log_obj.check_odr()<br/>            for axis in std_sensor_event_log.axises:<br/>                col_name = f&#x27;{sensor_name.capitalize()} {axis.upper()} ({log_obj.unit})&#x27;<br/>                with pytest.assume:<br/>                    log_obj.check_data_range(col_name, axis)<br/>                with pytest.assume:<br/>&gt;                   log_obj.check_data_stddev(col_name, axis)<br/><br/>test_imu_driver.py:85: <br/>_ _ _ _ _ _ _ _ _ _ _ _ _ _ _ _ _ _ _ _ _ _ _ _ _ _ _ _ _ _ _ _ _ _ _ _ _ _ _ _<br/><br/>self = &lt;libs.data_process.std_sensor_event_log.SeeDrvLog object at 0x000001A680608490&gt;<br/>col_name = &#x27;Gyro Z (rad/s)&#x27;, axis = &#x27;z&#x27;<br/><br/>    def check_data_stddev(self, col_name, axis):<br/>        stddev = self.stats[col_name][&#x27;std&#x27;]<br/>        l_limit = 0<br/>        # h_limit = 0<br/>        h_limit = stddev_limits[self.sensor][axis]<br/>&gt;       assert (<br/>            l_limit &lt; stddev &lt; h_limit<br/>        ), f&quot;{col_name} standard deviation {stddev} exceeds limit [{l_limit}, {h_limit}] in {self.csv_file}&quot;<br/><span class="error">E       pytest_assume.plugin.FailedAssumption: </span><br/><span class="error">E       6 Failed Assumptions:</span><br/><span class="error">E       </span><br/><span class="error">E       test_imu_driver.py:79: AssumptionFailure</span><br/><span class="error">E       &gt;&gt;	log_obj.check_odr()</span><br/><span class="error">E       AssertionError: gyro time interval [3.3049999999999997, 20.07609375000004] data out of range [0.0 18.0] in &lt;c:\SeeTests\bmi3x0_20211228_105957\log\TestDataStream-test_data_stream[gyro-odr_100hz-hw0]\Data\SensorAPI_GYRO_S1_I0_D4_R0_[std_sensor_event].csv&gt;</span><br/><span class="error">E       </span><br/><span class="error">E       test_imu_driver.py:83: AssumptionFailure</span><br/><span class="error">E       &gt;&gt;	log_obj.check_data_range(col_name, axis)</span><br/><span class="error">E       AssertionError: Gyro X (rad/s) [-2.7264, 1.907415] out of range [-0.8, 0.8] in c:\SeeTests\bmi3x0_20211228_105957\log\TestDataStream-test_data_stream[gyro-odr_100hz-hw0]\Data\SensorAPI_GYRO_S1_I0_D4_R0_[std_sensor_event].csv</span><br/><span class="error">E       </span><br/><span class="error">E       test_imu_driver.py:85: AssumptionFailure</span><br/><span class="error">E       &gt;&gt;	log_obj.check_data_stddev(col_name, axis)</span><br/><span class="error">E       AssertionError: gyro x axis std_dev 0.374702363472849 exceeds limit 0.009774 in gyro</span><br/><span class="error">E       </span><br/><span class="error">E       test_imu_driver.py:83: AssumptionFailure</span><br/><span class="error">E       &gt;&gt;	log_obj.check_data_range(col_name, axis)</span><br/><span class="error">E       AssertionError: Gyro Y (rad/s) [-0.001065, 1.362135] out of range [-0.8, 0.8] in c:\SeeTests\bmi3x0_20211228_105957\log\TestDataStream-test_data_stream[gyro-odr_100hz-hw0]\Data\SensorAPI_GYRO_S1_I0_D4_R0_[std_sensor_event].csv</span><br/><span class="error">E       </span><br/><span class="error">E       test_imu_driver.py:85: AssumptionFailure</span><br/><span class="error">E       &gt;&gt;	log_obj.check_data_stddev(col_name, axis)</span><br/><span class="error">E       AssertionError: gyro y axis std_dev 0.30597047740578054 exceeds limit 0.009774 in gyro</span><br/><span class="error">E       </span><br/><span class="error">E       test_imu_driver.py:85: AssumptionFailure</span><br/><span class="error">E       &gt;&gt;	log_obj.check_data_stddev(col_name, axis)</span><br/><span class="error">E       AssertionError: gyro z axis std_dev 0.06821093681868065 exceeds limit 0.009774 in gyro</span><br/><br/>..\..\libs\data_process\std_sensor_event_log.py:259: FailedAssumption<br/></div></td></tr></tbody>
      <tbody class="failed results-table-row">
        <tr>
          <td class="col-result">Failed</td>
          <td class="col-name">testcases/QualcommSeeDriverTests/test_imu_driver.py::TestDataStream::test_data_stream[gyro-odr_200hz-hw0]</td>
          <td class="col-duration">69.93</td>
          <td class="col-links"></td></tr>
        <tr>
          <td class="extra" colspan="4">
            <div class="log">self = &lt;testcases.QualcommSeeDriverTests.test_imu_driver.TestDataStream object at 0x000001A680E92310&gt;<br/>collect_sscdrva_result = {&#x27;bias_values&#x27;: [], &#x27;diag_packets_list&#x27;: [DiagPacket(errorCode=None, packetType=3, packetId=&#x27;122/0&#x27;, moreResponsesFlag...csv&#x27;, &#x27;hdf&#x27;: &#x27;c:\\SeeTests\\bmi3x0_20211228_105957\\log\\TestDataStream-test_data_stream[gyro-odr_200hz-hw0].hdf&#x27;, ...}<br/>qseevt_open = &lt;libs.qseevt.Qseevt object at 0x000001A68026E700&gt;<br/>sensor_info_txt = &#x27;C:\\PythonProjects\\Vendetta\\testcases\\QualcommSeeDriverTests\\sensorinfo.txt&#x27;<br/><br/>    def test_data_stream(self, collect_sscdrva_result, qseevt_open, sensor_info_txt):<br/>        hdf_file = collect_sscdrva_result[&#x27;hdf&#x27;]<br/>        csv_logs = qseevt_open.parse_hdf_to_csv(hdf_file, sensor_info_txt)<br/>        for csv_log in csv_logs:<br/>            log_obj = std_sensor_event_log.SeeDrvLog(csv_log, skip_data=1)<br/>            sensor_name = log_obj.sensor<br/>            if not log_obj.odr or log_obj.dest_sensor != &#x27;da_test&#x27;:<br/>                continue<br/>    <br/>            with pytest.assume:<br/>                log_obj.check_odr()<br/>            for axis in std_sensor_event_log.axises:<br/>                col_name = f&#x27;{sensor_name.capitalize()} {axis.upper()} ({log_obj.unit})&#x27;<br/>                with pytest.assume:<br/>                    log_obj.check_data_range(col_name, axis)<br/>                with pytest.assume:<br/>&gt;                   log_obj.check_data_stddev(col_name, axis)<br/><br/>test_imu_driver.py:85: <br/>_ _ _ _ _ _ _ _ _ _ _ _ _ _ _ _ _ _ _ _ _ _ _ _ _ _ _ _ _ _ _ _ _ _ _ _ _ _ _ _<br/><br/>self = &lt;libs.data_process.std_sensor_event_log.SeeDrvLog object at 0x000001A680465EE0&gt;<br/>col_name = &#x27;Gyro Z (rad/s)&#x27;, axis = &#x27;z&#x27;<br/><br/>    def check_data_stddev(self, col_name, axis):<br/>        stddev = self.stats[col_name][&#x27;std&#x27;]<br/>        l_limit = 0<br/>        # h_limit = 0<br/>        h_limit = stddev_limits[self.sensor][axis]<br/>&gt;       assert (<br/>            l_limit &lt; stddev &lt; h_limit<br/>        ), f&quot;{col_name} standard deviation {stddev} exceeds limit [{l_limit}, {h_limit}] in {self.csv_file}&quot;<br/><span class="error">E       pytest_assume.plugin.FailedAssumption: </span><br/><span class="error">E       7 Failed Assumptions:</span><br/><span class="error">E       </span><br/><span class="error">E       test_imu_driver.py:79: AssumptionFailure</span><br/><span class="error">E       &gt;&gt;	log_obj.check_odr()</span><br/><span class="error">E       AssertionError: gyro time interval [1.599635416666672, 10.136875000000032] data out of range [0.0 9.0] in &lt;c:\SeeTests\bmi3x0_20211228_105957\log\TestDataStream-test_data_stream[gyro-odr_200hz-hw0]\Data\SensorAPI_GYRO_S1_I0_D4_R0_[std_sensor_event].csv&gt;</span><br/><span class="error">E       </span><br/><span class="error">E       test_imu_driver.py:83: AssumptionFailure</span><br/><span class="error">E       &gt;&gt;	log_obj.check_data_range(col_name, axis)</span><br/><span class="error">E       AssertionError: Gyro X (rad/s) [-1.90848, 1.362135] out of range [-0.8, 0.8] in c:\SeeTests\bmi3x0_20211228_105957\log\TestDataStream-test_data_stream[gyro-odr_200hz-hw0]\Data\SensorAPI_GYRO_S1_I0_D4_R0_[std_sensor_event].csv</span><br/><span class="error">E       </span><br/><span class="error">E       test_imu_driver.py:85: AssumptionFailure</span><br/><span class="error">E       &gt;&gt;	log_obj.check_data_stddev(col_name, axis)</span><br/><span class="error">E       AssertionError: gyro x axis std_dev 0.3957059768789915 exceeds limit 0.009774 in gyro</span><br/><span class="error">E       </span><br/><span class="error">E       test_imu_driver.py:83: AssumptionFailure</span><br/><span class="error">E       &gt;&gt;	log_obj.check_data_range(col_name, axis)</span><br/><span class="error">E       AssertionError: Gyro Y (rad/s) [-0.27264, 1.634775] out of range [-0.8, 0.8] in c:\SeeTests\bmi3x0_20211228_105957\log\TestDataStream-test_data_stream[gyro-odr_200hz-hw0]\Data\SensorAPI_GYRO_S1_I0_D4_R0_[std_sensor_event].csv</span><br/><span class="error">E       </span><br/><span class="error">E       test_imu_driver.py:85: AssumptionFailure</span><br/><span class="error">E       &gt;&gt;	log_obj.check_data_stddev(col_name, axis)</span><br/><span class="error">E       AssertionError: gyro y axis std_dev 0.33275842526889376 exceeds limit 0.009774 in gyro</span><br/><span class="error">E       </span><br/><span class="error">E       test_imu_driver.py:83: AssumptionFailure</span><br/><span class="error">E       &gt;&gt;	log_obj.check_data_range(col_name, axis)</span><br/><span class="error">E       AssertionError: Gyro Z (rad/s) [-34.897919, 0.271575] out of range [-0.8, 0.8] in c:\SeeTests\bmi3x0_20211228_105957\log\TestDataStream-test_data_stream[gyro-odr_200hz-hw0]\Data\SensorAPI_GYRO_S1_I0_D4_R0_[std_sensor_event].csv</span><br/><span class="error">E       </span><br/><span class="error">E       test_imu_driver.py:85: AssumptionFailure</span><br/><span class="error">E       &gt;&gt;	log_obj.check_data_stddev(col_name, axis)</span><br/><span class="error">E       AssertionError: gyro z axis std_dev 15.149368709694127 exceeds limit 0.009774 in gyro</span><br/><br/>..\..\libs\data_process\std_sensor_event_log.py:259: FailedAssumption<br/></div></td></tr></tbody>
      <tbody class="failed results-table-row">
        <tr>
          <td class="col-result">Failed</td>
          <td class="col-name">testcases/QualcommSeeDriverTests/test_imu_driver.py::TestDataStream::test_data_stream[gyro-odr_max-hw0]</td>
          <td class="col-duration">94.49</td>
          <td class="col-links"></td></tr>
        <tr>
          <td class="extra" colspan="4">
            <div class="log">self = &lt;testcases.QualcommSeeDriverTests.test_imu_driver.TestDataStream object at 0x000001A680465D90&gt;<br/>collect_sscdrva_result = {&#x27;bias_values&#x27;: [], &#x27;diag_packets_list&#x27;: [DiagPacket(errorCode=None, packetType=3, packetId=&#x27;122/0&#x27;, moreResponsesFlag...].csv&#x27;, &#x27;hdf&#x27;: &#x27;c:\\SeeTests\\bmi3x0_20211228_105957\\log\\TestDataStream-test_data_stream[gyro-odr_max-hw0].hdf&#x27;, ...}<br/>qseevt_open = &lt;libs.qseevt.Qseevt object at 0x000001A68026E700&gt;<br/>sensor_info_txt = &#x27;C:\\PythonProjects\\Vendetta\\testcases\\QualcommSeeDriverTests\\sensorinfo.txt&#x27;<br/><br/>    def test_data_stream(self, collect_sscdrva_result, qseevt_open, sensor_info_txt):<br/>        hdf_file = collect_sscdrva_result[&#x27;hdf&#x27;]<br/>        csv_logs = qseevt_open.parse_hdf_to_csv(hdf_file, sensor_info_txt)<br/>        for csv_log in csv_logs:<br/>            log_obj = std_sensor_event_log.SeeDrvLog(csv_log, skip_data=1)<br/>            sensor_name = log_obj.sensor<br/>            if not log_obj.odr or log_obj.dest_sensor != &#x27;da_test&#x27;:<br/>                continue<br/>    <br/>            with pytest.assume:<br/>                log_obj.check_odr()<br/>            for axis in std_sensor_event_log.axises:<br/>                col_name = f&#x27;{sensor_name.capitalize()} {axis.upper()} ({log_obj.unit})&#x27;<br/>                with pytest.assume:<br/>                    log_obj.check_data_range(col_name, axis)<br/>                with pytest.assume:<br/>&gt;                   log_obj.check_data_stddev(col_name, axis)<br/><br/>test_imu_driver.py:85: <br/>_ _ _ _ _ _ _ _ _ _ _ _ _ _ _ _ _ _ _ _ _ _ _ _ _ _ _ _ _ _ _ _ _ _ _ _ _ _ _ _<br/><br/>self = &lt;libs.data_process.std_sensor_event_log.SeeDrvLog object at 0x000001A686FE4A90&gt;<br/>col_name = &#x27;Gyro Z (rad/s)&#x27;, axis = &#x27;z&#x27;<br/><br/>    def check_data_stddev(self, col_name, axis):<br/>        stddev = self.stats[col_name][&#x27;std&#x27;]<br/>        l_limit = 0<br/>        # h_limit = 0<br/>        h_limit = stddev_limits[self.sensor][axis]<br/>&gt;       assert (<br/>            l_limit &lt; stddev &lt; h_limit<br/>        ), f&quot;{col_name} standard deviation {stddev} exceeds limit [{l_limit}, {h_limit}] in {self.csv_file}&quot;<br/><span class="error">E       pytest_assume.plugin.FailedAssumption: </span><br/><span class="error">E       7 Failed Assumptions:</span><br/><span class="error">E       </span><br/><span class="error">E       test_imu_driver.py:79: AssumptionFailure</span><br/><span class="error">E       &gt;&gt;	log_obj.check_odr()</span><br/><span class="error">E       AssertionError: gyro time interval [0.6166666666666671, 5.173802083336341] data out of range [0.0 4.5] in &lt;c:\SeeTests\bmi3x0_20211228_105957\log\TestDataStream-test_data_stream[gyro-odr_max-hw0]\Data\SensorAPI_GYRO_S1_I0_D4_R0_[std_sensor_event].csv&gt;</span><br/><span class="error">E       </span><br/><span class="error">E       test_imu_driver.py:83: AssumptionFailure</span><br/><span class="error">E       &gt;&gt;	log_obj.check_data_range(col_name, axis)</span><br/><span class="error">E       AssertionError: Gyro X (rad/s) [-2.99904, 2.180055] out of range [-0.8, 0.8] in c:\SeeTests\bmi3x0_20211228_105957\log\TestDataStream-test_data_stream[gyro-odr_max-hw0]\Data\SensorAPI_GYRO_S1_I0_D4_R0_[std_sensor_event].csv</span><br/><span class="error">E       </span><br/><span class="error">E       test_imu_driver.py:85: AssumptionFailure</span><br/><span class="error">E       &gt;&gt;	log_obj.check_data_stddev(col_name, axis)</span><br/><span class="error">E       AssertionError: gyro x axis std_dev 0.4212678681567539 exceeds limit 0.009774 in gyro</span><br/><span class="error">E       </span><br/><span class="error">E       test_imu_driver.py:83: AssumptionFailure</span><br/><span class="error">E       &gt;&gt;	log_obj.check_data_range(col_name, axis)</span><br/><span class="error">E       AssertionError: Gyro Y (rad/s) [-0.546345, 2.180055] out of range [-0.8, 0.8] in c:\SeeTests\bmi3x0_20211228_105957\log\TestDataStream-test_data_stream[gyro-odr_max-hw0]\Data\SensorAPI_GYRO_S1_I0_D4_R0_[std_sensor_event].csv</span><br/><span class="error">E       </span><br/><span class="error">E       test_imu_driver.py:85: AssumptionFailure</span><br/><span class="error">E       &gt;&gt;	log_obj.check_data_stddev(col_name, axis)</span><br/><span class="error">E       AssertionError: gyro y axis std_dev 0.363450650213989 exceeds limit 0.009774 in gyro</span><br/><span class="error">E       </span><br/><span class="error">E       test_imu_driver.py:83: AssumptionFailure</span><br/><span class="error">E       &gt;&gt;	log_obj.check_data_range(col_name, axis)</span><br/><span class="error">E       AssertionError: Gyro Z (rad/s) [-34.897919, 17.720535] out of range [-0.8, 0.8] in c:\SeeTests\bmi3x0_20211228_105957\log\TestDataStream-test_data_stream[gyro-odr_max-hw0]\Data\SensorAPI_GYRO_S1_I0_D4_R0_[std_sensor_event].csv</span><br/><span class="error">E       </span><br/><span class="error">E       test_imu_driver.py:85: AssumptionFailure</span><br/><span class="error">E       &gt;&gt;	log_obj.check_data_stddev(col_name, axis)</span><br/><span class="error">E       AssertionError: gyro z axis std_dev 14.487275870615512 exceeds limit 0.009774 in gyro</span><br/><br/>..\..\libs\data_process\std_sensor_event_log.py:259: FailedAssumption<br/></div></td></tr></tbody>
      <tbody class="failed results-table-row">
        <tr>
          <td class="col-result">Failed</td>
          <td class="col-name">testcases/QualcommSeeDriverTests/test_imu_driver.py::TestDataStream::test_data_stream[gyro-odr_sweep_ascend-hw0]</td>
          <td class="col-duration">145.79</td>
          <td class="col-links"></td></tr>
        <tr>
          <td class="extra" colspan="4">
            <div class="log">self = &lt;testcases.QualcommSeeDriverTests.test_imu_driver.TestDataStream object at 0x000001A686FEC2B0&gt;<br/>collect_sscdrva_result = {&#x27;bias_values&#x27;: [], &#x27;diag_packets_list&#x27;: [DiagPacket(errorCode=None, packetType=3, packetId=&#x27;122/0&#x27;, moreResponsesFlag...hdf&#x27;: &#x27;c:\\SeeTests\\bmi3x0_20211228_105957\\log\\TestDataStream-test_data_stream[gyro-odr_sweep_ascend-hw0].hdf&#x27;, ...}<br/>qseevt_open = &lt;libs.qseevt.Qseevt object at 0x000001A68026E700&gt;<br/>sensor_info_txt = &#x27;C:\\PythonProjects\\Vendetta\\testcases\\QualcommSeeDriverTests\\sensorinfo.txt&#x27;<br/><br/>    def test_data_stream(self, collect_sscdrva_result, qseevt_open, sensor_info_txt):<br/>        hdf_file = collect_sscdrva_result[&#x27;hdf&#x27;]<br/>        csv_logs = qseevt_open.parse_hdf_to_csv(hdf_file, sensor_info_txt)<br/>        for csv_log in csv_logs:<br/>            log_obj = std_sensor_event_log.SeeDrvLog(csv_log, skip_data=1)<br/>            sensor_name = log_obj.sensor<br/>            if not log_obj.odr or log_obj.dest_sensor != &#x27;da_test&#x27;:<br/>                continue<br/>    <br/>            with pytest.assume:<br/>                log_obj.check_odr()<br/>            for axis in std_sensor_event_log.axises:<br/>                col_name = f&#x27;{sensor_name.capitalize()} {axis.upper()} ({log_obj.unit})&#x27;<br/>                with pytest.assume:<br/>                    log_obj.check_data_range(col_name, axis)<br/>                with pytest.assume:<br/>&gt;                   log_obj.check_data_stddev(col_name, axis)<br/><br/>test_imu_driver.py:85: <br/>_ _ _ _ _ _ _ _ _ _ _ _ _ _ _ _ _ _ _ _ _ _ _ _ _ _ _ _ _ _ _ _ _ _ _ _ _ _ _ _<br/><br/>self = &lt;libs.data_process.std_sensor_event_log.SeeDrvLog object at 0x000001A6807060D0&gt;<br/>col_name = &#x27;Gyro Z (rad/s)&#x27;, axis = &#x27;z&#x27;<br/><br/>    def check_data_stddev(self, col_name, axis):<br/>        stddev = self.stats[col_name][&#x27;std&#x27;]<br/>        l_limit = 0<br/>        # h_limit = 0<br/>        h_limit = stddev_limits[self.sensor][axis]<br/>&gt;       assert (<br/>            l_limit &lt; stddev &lt; h_limit<br/>        ), f&quot;{col_name} standard deviation {stddev} exceeds limit [{l_limit}, {h_limit}] in {self.csv_file}&quot;<br/><span class="error">E       pytest_assume.plugin.FailedAssumption: </span><br/><span class="error">E       19 Failed Assumptions:</span><br/><span class="error">E       </span><br/><span class="error">E       test_imu_driver.py:79: AssumptionFailure</span><br/><span class="error">E       &gt;&gt;	log_obj.check_odr()</span><br/><span class="error">E       AssertionError: gyro time interval [6.6773437499999915, 40.15442708333333] data out of range [0.0 36.0] in &lt;c:\SeeTests\bmi3x0_20211228_105957\log\TestDataStream-test_data_stream[gyro-odr_sweep_ascend-hw0]\Data\SensorAPI_GYRO_S1_I0_D4_R0_[std_sensor_event].csv&gt;</span><br/><span class="error">E       </span><br/><span class="error">E       test_imu_driver.py:83: AssumptionFailure</span><br/><span class="error">E       &gt;&gt;	log_obj.check_data_range(col_name, axis)</span><br/><span class="error">E       AssertionError: Gyro X (rad/s) [-6.27072, 4.088535] out of range [-0.8, 0.8] in c:\SeeTests\bmi3x0_20211228_105957\log\TestDataStream-test_data_stream[gyro-odr_sweep_ascend-hw0]\Data\SensorAPI_GYRO_S1_I0_D4_R0_[std_sensor_event].csv</span><br/><span class="error">E       </span><br/><span class="error">E       test_imu_driver.py:85: AssumptionFailure</span><br/><span class="error">E       &gt;&gt;	log_obj.check_data_stddev(col_name, axis)</span><br/><span class="error">E       AssertionError: gyro x axis std_dev 0.4425854587325676 exceeds limit 0.009774 in gyro</span><br/><span class="error">E       </span><br/><span class="error">E       test_imu_driver.py:83: AssumptionFailure</span><br/><span class="error">E       &gt;&gt;	log_obj.check_data_range(col_name, axis)</span><br/><span class="error">E       AssertionError: Gyro Y (rad/s) [-0.27264, 1.362135] out of range [-0.8, 0.8] in c:\SeeTests\bmi3x0_20211228_105957\log\TestDataStream-test_data_stream[gyro-odr_sweep_ascend-hw0]\Data\SensorAPI_GYRO_S1_I0_D4_R0_[std_sensor_event].csv</span><br/><span class="error">E       </span><br/><span class="error">E       test_imu_driver.py:85: AssumptionFailure</span><br/><span class="error">E       &gt;&gt;	log_obj.check_data_stddev(col_name, axis)</span><br/><span class="error">E       AssertionError: gyro y axis std_dev 0.30013488578656566 exceeds limit 0.009774 in gyro</span><br/><span class="error">E       </span><br/><span class="error">E       test_imu_driver.py:85: AssumptionFailure</span><br/><span class="error">E       &gt;&gt;	log_obj.check_data_stddev(col_name, axis)</span><br/><span class="error">E       AssertionError: gyro z axis std_dev 0.06826189046105746 exceeds limit 0.009774 in gyro</span><br/><span class="error">E       </span><br/><span class="error">E       test_imu_driver.py:79: AssumptionFailure</span><br/><span class="error">E       &gt;&gt;	log_obj.check_odr()</span><br/><span class="error">E       AssertionError: gyro time interval [0.0, 320255983046273.75] data out of range [0.0 18.0] in &lt;c:\SeeTests\bmi3x0_20211228_105957\log\TestDataStream-test_data_stream[gyro-odr_sweep_ascend-hw0]\Data\SensorAPI_GYRO_S1_I0_D4_R1_[std_sensor_event].csv&gt;</span><br/><span class="error">E       </span><br/><span class="error">E       test_imu_driver.py:83: AssumptionFailure</span><br/><span class="error">E       &gt;&gt;	log_obj.check_data_range(col_name, axis)</span><br/><span class="error">E       AssertionError: Gyro X (rad/s) [-1.09056, 0.27264] out of range [-0.8, 0.8] in c:\SeeTests\bmi3x0_20211228_105957\log\TestDataStream-test_data_stream[gyro-odr_sweep_ascend-hw0]\Data\SensorAPI_GYRO_S1_I0_D4_R1_[std_sensor_event].csv</span><br/><span class="error">E       </span><br/><span class="error">E       test_imu_driver.py:85: AssumptionFailure</span><br/><span class="error">E       &gt;&gt;	log_obj.check_data_stddev(col_name, axis)</span><br/><span class="error">E       AssertionError: gyro x axis std_dev 0.3499448010172733 exceeds limit 0.009774 in gyro</span><br/><span class="error">E       </span><br/><span class="error">E       test_imu_driver.py:83: AssumptionFailure</span><br/><span class="error">E       &gt;&gt;	log_obj.check_data_range(col_name, axis)</span><br/><span class="error">E       AssertionError: Gyro Y (rad/s) [-0.001065, 1.362135] out of range [-0.8, 0.8] in c:\SeeTests\bmi3x0_20211228_105957\log\TestDataStream-test_data_stream[gyro-odr_sweep_ascend-hw0]\Data\SensorAPI_GYRO_S1_I0_D4_R1_[std_sensor_event].csv</span><br/><span class="error">E       </span><br/><span class="error">E       test_imu_driver.py:85: AssumptionFailure</span><br/><span class="error">E       &gt;&gt;	log_obj.check_data_stddev(col_name, axis)</span><br/><span class="error">E       AssertionError: gyro y axis std_dev 0.31456339074593326 exceeds limit 0.009774 in gyro</span><br/><span class="error">E       </span><br/><span class="error">E       test_imu_driver.py:85: AssumptionFailure</span><br/><span class="error">E       &gt;&gt;	log_obj.check_data_stddev(col_name, axis)</span><br/><span class="error">E       AssertionError: gyro z axis std_dev 0.06821935680100051 exceeds limit 0.009774 in gyro</span><br/><span class="error">E       </span><br/><span class="error">E       test_imu_driver.py:79: AssumptionFailure</span><br/><span class="error">E       &gt;&gt;	log_obj.check_odr()</span><br/><span class="error">E       AssertionError: gyro time interval [19909050.03125, 106751977646107.31] data out of range [0.0 4.5] in &lt;c:\SeeTests\bmi3x0_20211228_105957\log\TestDataStream-test_data_stream[gyro-odr_sweep_ascend-hw0]\Data\SensorAPI_GYRO_S1_I0_D4_R3_[std_sensor_event].csv&gt;</span><br/><span class="error">E       </span><br/><span class="error">E       test_imu_driver.py:83: AssumptionFailure</span><br/><span class="error">E       &gt;&gt;	log_obj.check_data_range(col_name, axis)</span><br/><span class="error">E       AssertionError: Gyro X (rad/s) [-0.818985, 0.27264] out of range [-0.8, 0.8] in c:\SeeTests\bmi3x0_20211228_105957\log\TestDataStream-test_data_stream[gyro-odr_sweep_ascend-hw0]\Data\SensorAPI_GYRO_S1_I0_D4_R3_[std_sensor_event].csv</span><br/><span class="error">E       </span><br/><span class="error">E       test_imu_driver.py:85: AssumptionFailure</span><br/><span class="error">E       &gt;&gt;	log_obj.check_data_stddev(col_name, axis)</span><br/><span class="error">E       AssertionError: gyro x axis std_dev 0.37224534978477786 exceeds limit 0.009774 in gyro</span><br/><span class="error">E       </span><br/><span class="error">E       test_imu_driver.py:83: AssumptionFailure</span><br/><span class="error">E       &gt;&gt;	log_obj.check_data_range(col_name, axis)</span><br/><span class="error">E       AssertionError: Gyro Y (rad/s) [0.13632, 1.362135] out of range [-0.8, 0.8] in c:\SeeTests\bmi3x0_20211228_105957\log\TestDataStream-test_data_stream[gyro-odr_sweep_ascend-hw0]\Data\SensorAPI_GYRO_S1_I0_D4_R3_[std_sensor_event].csv</span><br/><span class="error">E       </span><br/><span class="error">E       test_imu_driver.py:85: AssumptionFailure</span><br/><span class="error">E       &gt;&gt;	log_obj.check_data_stddev(col_name, axis)</span><br/><span class="error">E       AssertionError: gyro y axis std_dev 0.33424506410345783 exceeds limit 0.009774 in gyro</span><br/><span class="error">E       </span><br/><span class="error">E       test_imu_driver.py:83: AssumptionFailure</span><br/><span class="error">E       &gt;&gt;	log_obj.check_data_range(col_name, axis)</span><br/><span class="error">E       AssertionError: Gyro Z (rad/s) [-34.897919, 17.448959] out of range [-0.8, 0.8] in c:\SeeTests\bmi3x0_20211228_105957\log\TestDataStream-test_data_stream[gyro-odr_sweep_ascend-hw0]\Data\SensorAPI_GYRO_S1_I0_D4_R3_[std_sensor_event].csv</span><br/><span class="error">E       </span><br/><span class="error">E       test_imu_driver.py:85: AssumptionFailure</span><br/><span class="error">E       &gt;&gt;	log_obj.check_data_stddev(col_name, axis)</span><br/><span class="error">E       AssertionError: gyro z axis std_dev 14.849960541671429 exceeds limit 0.009774 in gyro</span><br/><br/>..\..\libs\data_process\std_sensor_event_log.py:259: FailedAssumption<br/></div></td></tr></tbody></table></body></html>